[09:55:55.939] [INFO   ] thread main starting.
[09:55:55.956] [SEVERE ] cannot read configuration file config.properties trying from resources.
[09:55:55.962] [SEVERE ] configuration file was loaded from resources directory.
[09:55:58.823] [INFO   ] thread dealer starting.
[09:55:58.832] [INFO   ] Thread Meni starting.
[09:55:58.832] [INFO   ] Thread Marina starting.
[09:55:58.832] [INFO   ] Thread dealer starting.
[09:55:58.852] [SEVERE ] placing card 22 in slot 8
[09:55:58.855] [SEVERE ] placing card 11 in slot 11
[09:55:58.858] [SEVERE ] placing card 6 in slot 9
[09:55:58.917] [SEVERE ] placing card 16 in slot 5
[09:55:58.923] [SEVERE ] placing card 19 in slot 1
[09:55:58.940] [SEVERE ] placing card 7 in slot 10
[09:55:58.943] [SEVERE ] placing card 79 in slot 0
[09:55:58.947] [SEVERE ] placing card 31 in slot 2
[09:55:58.949] [SEVERE ] placing card 8 in slot 3
[09:55:58.971] [SEVERE ] placing card 46 in slot 4
[09:55:58.975] [SEVERE ] placing card 55 in slot 7
[09:55:58.977] [SEVERE ] placing card 59 in slot 6
[09:55:58.981] [SEVERE ] updating countdown to 200000
[09:55:58.987] [SEVERE ] updating countdown to 200993
[09:56:00.004] [SEVERE ] updating countdown to 199977
[09:56:00.016] [SEVERE ] updating countdown to 199964
[09:56:01.031] [SEVERE ] updating countdown to 198950
[09:56:01.037] [SEVERE ] updating countdown to 198943
[09:56:02.052] [SEVERE ] updating countdown to 197928
[09:56:02.059] [SEVERE ] updating countdown to 197921
[09:56:03.077] [SEVERE ] updating countdown to 196903
[09:56:03.084] [SEVERE ] updating countdown to 196896
[09:56:04.104] [SEVERE ] updating countdown to 195876
[09:56:04.112] [SEVERE ] updating countdown to 195868
[09:56:05.126] [SEVERE ] updating countdown to 194854
[09:56:05.134] [SEVERE ] updating countdown to 194846
[09:56:06.161] [SEVERE ] updating countdown to 193819
[09:56:06.170] [SEVERE ] updating countdown to 193810
[09:56:07.186] [SEVERE ] updating countdown to 192794
[09:56:07.193] [SEVERE ] updating countdown to 192787
[09:56:08.210] [SEVERE ] updating countdown to 191770
[09:56:08.215] [SEVERE ] updating countdown to 191765
[09:56:09.231] [SEVERE ] updating countdown to 190750
[09:56:09.239] [SEVERE ] updating countdown to 190741
[09:56:10.255] [SEVERE ] updating countdown to 189725
[09:56:10.261] [SEVERE ] updating countdown to 189719
[09:56:11.280] [SEVERE ] updating countdown to 188700
[09:56:11.286] [SEVERE ] updating countdown to 188694
[09:56:12.300] [SEVERE ] updating countdown to 187680
[09:56:12.307] [SEVERE ] updating countdown to 187673
[09:56:13.321] [SEVERE ] updating countdown to 186659
[09:56:13.327] [SEVERE ] updating countdown to 186653
[09:56:14.343] [SEVERE ] updating countdown to 185637
[09:56:14.348] [SEVERE ] updating countdown to 185632
[09:56:15.363] [SEVERE ] updating countdown to 184617
[09:56:15.372] [SEVERE ] updating countdown to 184608
[09:56:16.392] [SEVERE ] updating countdown to 183588
[09:56:16.406] [SEVERE ] updating countdown to 183574
[09:56:17.425] [SEVERE ] updating countdown to 182556
[09:56:17.432] [SEVERE ] updating countdown to 182548
[09:56:18.447] [SEVERE ] updating countdown to 181533
[09:56:18.452] [SEVERE ] updating countdown to 181528
[09:56:19.465] [SEVERE ] updating countdown to 180515
[09:56:19.473] [SEVERE ] updating countdown to 180507
[09:56:20.488] [SEVERE ] updating countdown to 179492
[09:56:20.493] [SEVERE ] updating countdown to 179487
[09:56:21.507] [SEVERE ] updating countdown to 178473
[09:56:21.513] [SEVERE ] updating countdown to 178467
[09:56:22.529] [SEVERE ] updating countdown to 177451
[09:56:22.535] [SEVERE ] updating countdown to 177445
[09:56:23.549] [SEVERE ] updating countdown to 176431
[09:56:23.555] [SEVERE ] updating countdown to 176425
[09:56:24.570] [SEVERE ] updating countdown to 175410
[09:56:24.577] [SEVERE ] updating countdown to 175403
[09:56:25.593] [SEVERE ] updating countdown to 174387
[09:56:25.601] [SEVERE ] updating countdown to 174379
[09:56:26.615] [SEVERE ] updating countdown to 173365
[09:56:26.623] [SEVERE ] updating countdown to 173357
[09:56:27.636] [SEVERE ] updating countdown to 172344
[09:56:27.648] [SEVERE ] updating countdown to 172332
[09:56:28.662] [SEVERE ] updating countdown to 171318
[09:56:28.670] [SEVERE ] updating countdown to 171310
[09:56:29.685] [SEVERE ] updating countdown to 170296
[09:56:29.691] [SEVERE ] updating countdown to 170289
[09:56:30.707] [SEVERE ] updating countdown to 169273
[09:56:30.719] [SEVERE ] updating countdown to 169262
[09:56:31.732] [SEVERE ] updating countdown to 168248
[09:56:31.740] [SEVERE ] updating countdown to 168240
[09:56:32.755] [SEVERE ] updating countdown to 167225
[09:56:32.765] [SEVERE ] updating countdown to 167215
[09:56:33.778] [SEVERE ] updating countdown to 166202
[09:56:33.785] [SEVERE ] updating countdown to 166195
[09:56:34.803] [SEVERE ] updating countdown to 165177
[09:56:34.810] [SEVERE ] updating countdown to 165170
[09:56:35.824] [SEVERE ] updating countdown to 164157
[09:56:35.833] [SEVERE ] updating countdown to 164147
[09:56:36.848] [SEVERE ] updating countdown to 163132
[09:56:36.857] [SEVERE ] updating countdown to 163123
[09:56:37.873] [SEVERE ] updating countdown to 162107
[09:56:37.880] [SEVERE ] updating countdown to 162100
[09:56:38.897] [SEVERE ] updating countdown to 161083
[09:56:38.910] [SEVERE ] updating countdown to 161070
[09:56:39.925] [SEVERE ] updating countdown to 160056
[09:56:39.931] [SEVERE ] updating countdown to 160049
[09:56:40.952] [SEVERE ] updating countdown to 159028
[09:56:40.962] [SEVERE ] updating countdown to 159018
[09:56:41.979] [SEVERE ] updating countdown to 158001
[09:56:41.985] [SEVERE ] updating countdown to 157995
[09:56:43.003] [SEVERE ] updating countdown to 156977
[09:56:43.019] [SEVERE ] updating countdown to 156961
[09:56:44.033] [SEVERE ] updating countdown to 155947
[09:56:44.042] [SEVERE ] updating countdown to 155938
[09:56:45.060] [SEVERE ] updating countdown to 154920
[09:56:45.067] [SEVERE ] updating countdown to 154913
[09:56:46.084] [SEVERE ] updating countdown to 153896
[09:56:46.091] [SEVERE ] updating countdown to 153889
[09:56:47.105] [SEVERE ] updating countdown to 152875
[09:56:47.112] [SEVERE ] updating countdown to 152868
[09:56:48.127] [SEVERE ] updating countdown to 151853
[09:56:48.136] [SEVERE ] updating countdown to 151844
[09:56:49.155] [SEVERE ] updating countdown to 150825
[09:56:49.162] [SEVERE ] updating countdown to 150818
[09:56:50.180] [SEVERE ] updating countdown to 149800
[09:56:50.187] [SEVERE ] updating countdown to 149793
[09:56:51.201] [SEVERE ] updating countdown to 148779
[09:56:51.208] [SEVERE ] updating countdown to 148772
[09:56:52.222] [SEVERE ] updating countdown to 147758
[09:56:52.229] [SEVERE ] updating countdown to 147751
[09:56:53.243] [SEVERE ] updating countdown to 146737
[09:56:53.249] [SEVERE ] updating countdown to 146731
[09:56:54.265] [SEVERE ] updating countdown to 145715
[09:56:54.273] [SEVERE ] updating countdown to 145708
[09:56:55.289] [SEVERE ] updating countdown to 144692
[09:56:55.296] [SEVERE ] updating countdown to 144684
[09:56:56.310] [SEVERE ] updating countdown to 143670
[09:56:56.317] [SEVERE ] updating countdown to 143663
[09:56:57.332] [SEVERE ] updating countdown to 142649
[09:56:57.340] [SEVERE ] updating countdown to 142640
[09:56:58.354] [SEVERE ] updating countdown to 141626
[09:56:58.361] [SEVERE ] updating countdown to 141619
[09:56:59.375] [SEVERE ] updating countdown to 140605
[09:56:59.382] [SEVERE ] updating countdown to 140598
[09:57:00.397] [SEVERE ] updating countdown to 139583
[09:57:00.406] [SEVERE ] updating countdown to 139574
[09:57:01.420] [SEVERE ] updating countdown to 138560
[09:57:01.440] [SEVERE ] updating countdown to 138540
[09:57:02.455] [SEVERE ] updating countdown to 137525
[09:57:02.463] [SEVERE ] updating countdown to 137517
[09:57:03.479] [SEVERE ] updating countdown to 136501
[09:57:03.491] [SEVERE ] updating countdown to 136489
[09:57:04.505] [SEVERE ] updating countdown to 135475
[09:57:04.512] [SEVERE ] updating countdown to 135468
[09:57:05.526] [SEVERE ] updating countdown to 134454
[09:57:05.533] [SEVERE ] updating countdown to 134447
[09:57:06.550] [SEVERE ] updating countdown to 133430
[09:57:06.559] [SEVERE ] updating countdown to 133421
[09:57:07.580] [SEVERE ] updating countdown to 132400
[09:57:07.584] [SEVERE ] updating countdown to 132396
[09:57:08.601] [SEVERE ] updating countdown to 131379
[09:57:08.610] [SEVERE ] updating countdown to 131370
[09:57:09.624] [SEVERE ] updating countdown to 130356
[09:57:09.631] [SEVERE ] updating countdown to 130349
[09:57:10.645] [SEVERE ] updating countdown to 129335
[09:57:10.654] [SEVERE ] updating countdown to 129326
[09:57:11.669] [SEVERE ] updating countdown to 128312
[09:57:11.687] [SEVERE ] updating countdown to 128293
[09:57:12.701] [SEVERE ] updating countdown to 127279
[09:57:12.707] [SEVERE ] updating countdown to 127273
[09:57:13.720] [SEVERE ] updating countdown to 126260
[09:57:13.728] [SEVERE ] updating countdown to 126252
[09:57:14.742] [SEVERE ] updating countdown to 125238
[09:57:14.750] [SEVERE ] updating countdown to 125230
[09:57:15.764] [SEVERE ] updating countdown to 124217
[09:57:15.770] [SEVERE ] updating countdown to 124210
[09:57:16.784] [SEVERE ] updating countdown to 123196
[09:57:16.791] [SEVERE ] updating countdown to 123189
[09:57:17.805] [SEVERE ] updating countdown to 122175
[09:57:17.812] [SEVERE ] updating countdown to 122169
[09:57:18.824] [SEVERE ] updating countdown to 121156
[09:57:18.831] [SEVERE ] updating countdown to 121149
[09:57:19.845] [SEVERE ] updating countdown to 120136
[09:57:19.855] [SEVERE ] updating countdown to 120125
[09:57:20.869] [SEVERE ] updating countdown to 119111
[09:57:20.878] [SEVERE ] updating countdown to 119102
[09:57:21.894] [SEVERE ] updating countdown to 118087
[09:57:21.898] [SEVERE ] updating countdown to 118082
[09:57:22.912] [SEVERE ] updating countdown to 117068
[09:57:22.920] [SEVERE ] updating countdown to 117060
[09:57:23.934] [SEVERE ] updating countdown to 116046
[09:57:23.941] [SEVERE ] updating countdown to 116039
[09:57:24.955] [SEVERE ] updating countdown to 115025
[09:57:24.962] [SEVERE ] updating countdown to 115018
[09:57:25.975] [SEVERE ] updating countdown to 114005
[09:57:25.981] [SEVERE ] updating countdown to 113999
[09:57:26.996] [SEVERE ] updating countdown to 112984
[09:57:27.006] [SEVERE ] updating countdown to 112974
[09:57:28.023] [SEVERE ] updating countdown to 111957
[09:57:28.032] [SEVERE ] updating countdown to 111948
[09:57:29.047] [SEVERE ] updating countdown to 110933
[09:57:29.054] [SEVERE ] updating countdown to 110926
[09:57:30.069] [SEVERE ] updating countdown to 109912
[09:57:30.076] [SEVERE ] updating countdown to 109904
[09:57:31.091] [SEVERE ] updating countdown to 108889
[09:57:31.098] [SEVERE ] updating countdown to 108882
[09:57:32.116] [SEVERE ] updating countdown to 107864
[09:57:32.125] [SEVERE ] updating countdown to 107855
[09:57:33.140] [SEVERE ] updating countdown to 106840
[09:57:33.149] [SEVERE ] updating countdown to 106832
[09:57:34.163] [SEVERE ] updating countdown to 105818
[09:57:34.171] [SEVERE ] updating countdown to 105809
[09:57:35.185] [SEVERE ] updating countdown to 104796
[09:57:35.192] [SEVERE ] updating countdown to 104788
[09:57:36.211] [SEVERE ] updating countdown to 103769
[09:57:36.218] [SEVERE ] updating countdown to 103762
[09:57:37.234] [SEVERE ] updating countdown to 102746
[09:57:37.241] [SEVERE ] updating countdown to 102739
[09:57:38.257] [SEVERE ] updating countdown to 101723
[09:57:38.263] [SEVERE ] updating countdown to 101717
[09:57:39.287] [SEVERE ] updating countdown to 100693
[09:57:39.293] [SEVERE ] updating countdown to 100687
[09:57:40.306] [SEVERE ] updating countdown to 99674
[09:57:40.313] [SEVERE ] updating countdown to 99667
[09:57:41.332] [SEVERE ] updating countdown to 98648
[09:57:41.342] [SEVERE ] updating countdown to 98638
[09:57:42.356] [SEVERE ] updating countdown to 97624
[09:57:42.362] [SEVERE ] updating countdown to 97618
[09:57:43.376] [SEVERE ] updating countdown to 96604
[09:57:43.383] [SEVERE ] updating countdown to 96597
[09:57:44.397] [SEVERE ] updating countdown to 95583
[09:57:44.409] [SEVERE ] updating countdown to 95571
[09:57:45.423] [SEVERE ] updating countdown to 94557
[09:57:45.430] [SEVERE ] updating countdown to 94550
[09:57:46.444] [SEVERE ] updating countdown to 93537
[09:57:46.450] [SEVERE ] updating countdown to 93530
[09:57:47.464] [SEVERE ] updating countdown to 92516
[09:57:47.471] [SEVERE ] updating countdown to 92509
[09:57:48.485] [SEVERE ] updating countdown to 91495
[09:57:48.491] [SEVERE ] updating countdown to 91489
[09:57:49.508] [SEVERE ] updating countdown to 90472
[09:57:49.517] [SEVERE ] updating countdown to 90463
[09:57:50.535] [SEVERE ] updating countdown to 89445
[09:57:50.542] [SEVERE ] updating countdown to 89438
[09:57:51.561] [SEVERE ] updating countdown to 88419
[09:57:51.568] [SEVERE ] updating countdown to 88412
[09:57:52.589] [SEVERE ] updating countdown to 87391
[09:57:52.596] [SEVERE ] updating countdown to 87384
[09:57:53.613] [SEVERE ] updating countdown to 86368
[09:57:53.619] [SEVERE ] updating countdown to 86361
[09:57:54.634] [SEVERE ] updating countdown to 85346
[09:57:54.642] [SEVERE ] updating countdown to 85339
[09:57:55.657] [SEVERE ] updating countdown to 84324
[09:57:55.665] [SEVERE ] updating countdown to 84315
[09:57:56.679] [SEVERE ] updating countdown to 83301
[09:57:56.687] [SEVERE ] updating countdown to 83293
[09:57:57.702] [SEVERE ] updating countdown to 82278
[09:57:57.711] [SEVERE ] updating countdown to 82269
[09:57:58.726] [SEVERE ] updating countdown to 81255
[09:57:58.734] [SEVERE ] updating countdown to 81247
[09:57:59.752] [SEVERE ] updating countdown to 80228
[09:57:59.770] [SEVERE ] updating countdown to 80212
[09:58:00.788] [SEVERE ] updating countdown to 79193
[09:58:00.799] [SEVERE ] updating countdown to 79181
[09:58:01.816] [SEVERE ] updating countdown to 78165
[09:58:01.823] [SEVERE ] updating countdown to 78157
[09:58:02.839] [SEVERE ] updating countdown to 77142
[09:58:02.845] [SEVERE ] updating countdown to 77135
[09:58:03.863] [SEVERE ] updating countdown to 76117
[09:58:03.872] [SEVERE ] updating countdown to 76108
[09:58:04.887] [SEVERE ] updating countdown to 75093
[09:58:04.894] [SEVERE ] updating countdown to 75086
[09:58:05.911] [SEVERE ] updating countdown to 74070
[09:58:05.920] [SEVERE ] updating countdown to 74060
[09:58:06.936] [SEVERE ] updating countdown to 73044
[09:58:06.943] [SEVERE ] updating countdown to 73037
[09:58:07.958] [SEVERE ] updating countdown to 72022
[09:58:07.965] [SEVERE ] updating countdown to 72015
[09:58:08.980] [SEVERE ] updating countdown to 71001
[09:58:08.987] [SEVERE ] updating countdown to 70993
[09:58:10.005] [SEVERE ] updating countdown to 69979
[09:58:10.012] [SEVERE ] updating countdown to 69969
[09:58:11.027] [SEVERE ] updating countdown to 68953
[09:58:11.034] [SEVERE ] updating countdown to 68946
[09:58:12.048] [SEVERE ] updating countdown to 67932
[09:58:12.055] [SEVERE ] updating countdown to 67925
[09:58:13.069] [SEVERE ] updating countdown to 66911
[09:58:13.077] [SEVERE ] updating countdown to 66903
[09:58:14.092] [SEVERE ] updating countdown to 65888
[09:58:14.100] [SEVERE ] updating countdown to 65880
[09:58:15.113] [SEVERE ] updating countdown to 64867
[09:58:15.120] [SEVERE ] updating countdown to 64860
[09:58:16.134] [SEVERE ] updating countdown to 63846
[09:58:16.141] [SEVERE ] updating countdown to 63839
[09:58:17.158] [SEVERE ] updating countdown to 62822
[09:58:17.169] [SEVERE ] updating countdown to 62811
[09:58:18.184] [SEVERE ] updating countdown to 61796
[09:58:18.190] [SEVERE ] updating countdown to 61790
[09:58:19.204] [SEVERE ] updating countdown to 60776
[09:58:19.214] [SEVERE ] updating countdown to 60766
[09:58:20.228] [SEVERE ] updating countdown to 59752
[09:58:20.236] [SEVERE ] updating countdown to 59744
[09:58:21.250] [SEVERE ] updating countdown to 58730
[09:58:21.259] [SEVERE ] updating countdown to 58721
[09:58:22.273] [SEVERE ] updating countdown to 57707
[09:58:22.280] [SEVERE ] updating countdown to 57700
[09:58:23.294] [SEVERE ] updating countdown to 56686
[09:58:23.305] [SEVERE ] updating countdown to 56676
[09:58:24.318] [SEVERE ] updating countdown to 55662
[09:58:24.324] [SEVERE ] updating countdown to 55656
[09:58:25.339] [SEVERE ] updating countdown to 54641
[09:58:25.346] [SEVERE ] updating countdown to 54634
[09:58:26.361] [SEVERE ] updating countdown to 53619
[09:58:26.366] [SEVERE ] updating countdown to 53614
[09:58:27.380] [SEVERE ] updating countdown to 52600
[09:58:27.386] [SEVERE ] updating countdown to 52594
[09:58:28.402] [SEVERE ] updating countdown to 51578
[09:58:28.409] [SEVERE ] updating countdown to 51571
[09:58:29.423] [SEVERE ] updating countdown to 50557
[09:58:29.429] [SEVERE ] updating countdown to 50551
[09:58:30.444] [SEVERE ] updating countdown to 49536
[09:58:30.450] [SEVERE ] updating countdown to 49530
[09:58:31.465] [SEVERE ] updating countdown to 48515
[09:58:31.473] [SEVERE ] updating countdown to 48507
[09:58:32.492] [SEVERE ] updating countdown to 47489
[09:58:32.499] [SEVERE ] updating countdown to 47481
[09:58:33.513] [SEVERE ] updating countdown to 46467
[09:58:33.519] [SEVERE ] updating countdown to 46461
[09:58:34.533] [SEVERE ] updating countdown to 45447
[09:58:34.540] [SEVERE ] updating countdown to 45440
[09:58:35.554] [SEVERE ] updating countdown to 44426
[09:58:35.561] [SEVERE ] updating countdown to 44419
[09:58:36.575] [SEVERE ] updating countdown to 43405
[09:58:36.587] [SEVERE ] updating countdown to 43393
[09:58:37.608] [SEVERE ] updating countdown to 42373
[09:58:37.618] [SEVERE ] updating countdown to 42362
[09:58:38.634] [SEVERE ] updating countdown to 41346
[09:58:38.640] [SEVERE ] updating countdown to 41340
[09:58:39.655] [SEVERE ] updating countdown to 40325
[09:58:39.661] [SEVERE ] updating countdown to 40319
[09:58:40.677] [SEVERE ] updating countdown to 39303
[09:58:40.684] [SEVERE ] updating countdown to 39296
[09:58:41.702] [SEVERE ] updating countdown to 38278
[09:58:41.710] [SEVERE ] updating countdown to 38270
[09:58:42.727] [SEVERE ] updating countdown to 37253
[09:58:42.733] [SEVERE ] updating countdown to 37247
[09:58:43.748] [SEVERE ] updating countdown to 36232
[09:58:43.754] [SEVERE ] updating countdown to 36226
[09:58:44.767] [SEVERE ] updating countdown to 35213
[09:58:44.774] [SEVERE ] updating countdown to 35206
[09:58:45.787] [SEVERE ] updating countdown to 34193
[09:58:45.794] [SEVERE ] updating countdown to 34186
[09:58:46.808] [SEVERE ] updating countdown to 33172
[09:58:46.817] [SEVERE ] updating countdown to 33163
[09:58:47.830] [SEVERE ] updating countdown to 32150
[09:58:47.837] [SEVERE ] updating countdown to 32143
[09:58:48.851] [SEVERE ] updating countdown to 31129
[09:58:48.858] [SEVERE ] updating countdown to 31122
[09:58:49.872] [SEVERE ] updating countdown to 30108
[09:58:49.878] [SEVERE ] updating countdown to 30102
[09:58:50.892] [SEVERE ] updating countdown to 29088
[09:58:50.899] [SEVERE ] updating countdown to 29081
[09:58:51.913] [SEVERE ] updating countdown to 28067
[09:58:51.919] [SEVERE ] updating countdown to 28061
[09:58:52.929] [SEVERE ] updating countdown to 27052
[09:58:52.935] [SEVERE ] updating countdown to 27045
[09:58:53.948] [SEVERE ] updating countdown to 26032
[09:58:53.955] [SEVERE ] updating countdown to 26025
[09:58:54.969] [SEVERE ] updating countdown to 25011
[09:58:54.976] [SEVERE ] updating countdown to 25004
[09:58:55.992] [SEVERE ] updating countdown to 23989
[09:58:55.999] [SEVERE ] updating countdown to 23981
[09:58:57.015] [SEVERE ] updating countdown to 22965
[09:58:57.025] [SEVERE ] updating countdown to 22955
[09:58:58.043] [SEVERE ] updating countdown to 21937
[09:58:58.051] [SEVERE ] updating countdown to 21929
[09:58:59.066] [SEVERE ] updating countdown to 20914
[09:58:59.072] [SEVERE ] updating countdown to 20908
[09:59:00.087] [SEVERE ] updating countdown to 19893
[09:59:00.094] [SEVERE ] updating countdown to 19886
[09:59:01.109] [SEVERE ] updating countdown to 18871
[09:59:01.115] [SEVERE ] updating countdown to 18865
[09:59:02.129] [SEVERE ] updating countdown to 17851
[09:59:02.136] [SEVERE ] updating countdown to 17844
[09:59:03.150] [SEVERE ] updating countdown to 16830
[09:59:03.157] [SEVERE ] updating countdown to 16823
[09:59:04.171] [SEVERE ] updating countdown to 15809
[09:59:04.178] [SEVERE ] updating countdown to 15802
[09:59:05.194] [SEVERE ] updating countdown to 14786
[09:59:05.203] [SEVERE ] updating countdown to 14778
[09:59:06.227] [SEVERE ] updating countdown to 13755
[09:59:06.236] [SEVERE ] updating countdown to 13744
[09:59:07.255] [SEVERE ] updating countdown to 12726
[09:59:07.263] [SEVERE ] updating countdown to 12717
[09:59:08.282] [SEVERE ] updating countdown to 11698
[09:59:08.289] [SEVERE ] updating countdown to 11691
[09:59:09.304] [SEVERE ] updating countdown to 10676
[09:59:09.311] [SEVERE ] updating countdown to 10669
[09:59:10.326] [SEVERE ] updating countdown to 9655
[09:59:10.332] [SEVERE ] updating countdown to 9648
[09:59:11.351] [SEVERE ] updating countdown to 8629
[09:59:11.358] [SEVERE ] updating countdown to 8622
[09:59:12.375] [SEVERE ] updating countdown to 7605
[09:59:12.381] [SEVERE ] updating countdown to 7599
[09:59:13.395] [SEVERE ] updating countdown to 6585
[09:59:13.401] [SEVERE ] updating countdown to 6579
[09:59:14.417] [SEVERE ] updating countdown to 5563
[09:59:14.424] [SEVERE ] updating countdown to 5556
[09:59:15.441] [SEVERE ] updating countdown to 4540
[09:59:15.455] [SEVERE ] updating countdown to 4527
[09:59:16.473] [SEVERE ] updating countdown to 3507
[09:59:16.480] [SEVERE ] updating countdown to 3500
[09:59:17.495] [SEVERE ] updating countdown to 2485
[09:59:17.502] [SEVERE ] updating countdown to 2478
[09:59:18.516] [SEVERE ] updating countdown to 1464
[09:59:18.523] [SEVERE ] updating countdown to 1457
[09:59:19.538] [SEVERE ] updating countdown to 442
[09:59:19.554] [SEVERE ] removing card from slot 7
[09:59:19.560] [SEVERE ] removing card from slot 9
[09:59:19.585] [SEVERE ] removing card from slot 5
[09:59:19.593] [SEVERE ] removing card from slot 2
[09:59:19.597] [SEVERE ] removing card from slot 0
[09:59:19.603] [SEVERE ] removing card from slot 8
[09:59:19.607] [SEVERE ] removing card from slot 11
[09:59:19.618] [SEVERE ] removing card from slot 3
[09:59:19.622] [SEVERE ] removing card from slot 1
[09:59:19.628] [SEVERE ] removing card from slot 6
[09:59:19.632] [SEVERE ] removing card from slot 4
[09:59:19.639] [SEVERE ] removing card from slot 10
[09:59:19.647] [SEVERE ] placing card 65 in slot 9
[09:59:19.652] [SEVERE ] placing card 37 in slot 6
[09:59:19.661] [SEVERE ] placing card 9 in slot 11
[09:59:19.668] [SEVERE ] placing card 36 in slot 0
[09:59:19.673] [SEVERE ] placing card 61 in slot 10
[09:59:19.676] [SEVERE ] placing card 31 in slot 4
[09:59:19.681] [SEVERE ] placing card 72 in slot 8
[09:59:19.694] [SEVERE ] placing card 57 in slot 1
[09:59:19.700] [SEVERE ] placing card 4 in slot 3
[09:59:19.709] [SEVERE ] placing card 59 in slot 7
[09:59:19.713] [SEVERE ] placing card 73 in slot 5
[09:59:19.716] [SEVERE ] placing card 53 in slot 2
[09:59:19.724] [SEVERE ] updating countdown to 200000
[09:59:19.728] [SEVERE ] updating countdown to 200994
[09:59:20.742] [SEVERE ] updating countdown to 199980
[09:59:20.751] [SEVERE ] updating countdown to 199971
[09:59:21.768] [SEVERE ] updating countdown to 198954
[09:59:21.776] [SEVERE ] updating countdown to 198946
[09:59:22.794] [SEVERE ] updating countdown to 197928
[09:59:22.797] [SEVERE ] updating countdown to 197925
[09:59:23.806] [SEVERE ] updating countdown to 196916
[09:59:23.808] [SEVERE ] updating countdown to 196914
[09:59:24.816] [SEVERE ] updating countdown to 195906
[09:59:24.818] [SEVERE ] updating countdown to 195904
[09:59:25.827] [SEVERE ] updating countdown to 194895
[09:59:25.829] [SEVERE ] updating countdown to 194893
[09:59:26.837] [SEVERE ] updating countdown to 193885
[09:59:26.838] [SEVERE ] updating countdown to 193884
[09:59:27.844] [SEVERE ] updating countdown to 192878
[09:59:27.846] [SEVERE ] updating countdown to 192876
[09:59:28.855] [SEVERE ] updating countdown to 191867
[09:59:28.857] [SEVERE ] updating countdown to 191865
[09:59:29.866] [SEVERE ] updating countdown to 190856
[09:59:29.868] [SEVERE ] updating countdown to 190854
[09:59:30.877] [SEVERE ] updating countdown to 189845
[09:59:30.879] [SEVERE ] updating countdown to 189843
[09:59:31.888] [SEVERE ] updating countdown to 188834
[09:59:31.892] [SEVERE ] updating countdown to 188830
[09:59:32.901] [SEVERE ] updating countdown to 187821
[09:59:32.906] [SEVERE ] updating countdown to 187816
[09:59:33.913] [SEVERE ] updating countdown to 186809
[09:59:33.917] [SEVERE ] updating countdown to 186805
[09:59:34.926] [SEVERE ] updating countdown to 185796
[09:59:34.928] [SEVERE ] updating countdown to 185794
[09:59:35.933] [SEVERE ] updating countdown to 184789
[09:59:35.934] [SEVERE ] updating countdown to 184788
[09:59:36.939] [SEVERE ] updating countdown to 183783
[09:59:36.941] [SEVERE ] updating countdown to 183781
[09:59:37.950] [SEVERE ] updating countdown to 182772
[09:59:37.956] [SEVERE ] updating countdown to 182766
[09:59:38.965] [SEVERE ] updating countdown to 181757
[09:59:38.968] [SEVERE ] updating countdown to 181754
[09:59:39.977] [SEVERE ] updating countdown to 180745
[09:59:39.979] [SEVERE ] updating countdown to 180743
[09:59:40.985] [SEVERE ] updating countdown to 179737
[09:59:40.987] [SEVERE ] updating countdown to 179735
[09:59:41.997] [SEVERE ] updating countdown to 178726
[09:59:42.001] [SEVERE ] updating countdown to 178721
[09:59:43.010] [SEVERE ] updating countdown to 177712
[09:59:43.012] [SEVERE ] updating countdown to 177710
[09:59:44.022] [SEVERE ] updating countdown to 176700
[09:59:44.025] [SEVERE ] updating countdown to 176697
[09:59:45.035] [SEVERE ] updating countdown to 175687
[09:59:45.039] [SEVERE ] updating countdown to 175683
[09:59:46.048] [SEVERE ] updating countdown to 174674
[09:59:46.050] [SEVERE ] updating countdown to 174672
[09:59:47.058] [SEVERE ] updating countdown to 173664
[09:59:47.060] [SEVERE ] updating countdown to 173662
[09:59:48.066] [SEVERE ] updating countdown to 172656
[09:59:48.071] [SEVERE ] updating countdown to 172651
[09:59:49.076] [SEVERE ] updating countdown to 171646
[09:59:49.079] [SEVERE ] updating countdown to 171643
[09:59:50.091] [SEVERE ] updating countdown to 170631
[09:59:50.096] [SEVERE ] updating countdown to 170626
[09:59:51.105] [SEVERE ] updating countdown to 169617
[09:59:51.109] [SEVERE ] updating countdown to 169613
[09:59:52.118] [SEVERE ] updating countdown to 168604
[09:59:52.121] [SEVERE ] updating countdown to 168601
[09:59:53.130] [SEVERE ] updating countdown to 167592
[09:59:53.132] [SEVERE ] updating countdown to 167590
[09:59:54.141] [SEVERE ] updating countdown to 166581
[09:59:54.142] [SEVERE ] updating countdown to 166580
[09:59:55.151] [SEVERE ] updating countdown to 165571
[09:59:55.153] [SEVERE ] updating countdown to 165569
[09:59:56.162] [SEVERE ] updating countdown to 164560
[09:59:56.164] [SEVERE ] updating countdown to 164558
[09:59:57.173] [SEVERE ] updating countdown to 163549
[09:59:57.175] [SEVERE ] updating countdown to 163547
[09:59:58.184] [SEVERE ] updating countdown to 162538
[09:59:58.193] [SEVERE ] updating countdown to 162529
[09:59:59.207] [SEVERE ] updating countdown to 161515
[09:59:59.211] [SEVERE ] updating countdown to 161511
[10:00:00.220] [SEVERE ] updating countdown to 160502
[10:00:00.222] [SEVERE ] updating countdown to 160500
[10:00:01.232] [SEVERE ] updating countdown to 159490
[10:00:01.234] [SEVERE ] updating countdown to 159488
[10:00:02.243] [SEVERE ] updating countdown to 158479
[10:00:02.245] [SEVERE ] updating countdown to 158477
[10:00:03.250] [SEVERE ] updating countdown to 157472
[10:00:03.251] [SEVERE ] updating countdown to 157471
[10:00:04.261] [SEVERE ] updating countdown to 156461
[10:00:04.262] [SEVERE ] updating countdown to 156460
[10:00:05.271] [SEVERE ] updating countdown to 155451
[10:00:05.272] [SEVERE ] updating countdown to 155450
[10:00:06.281] [SEVERE ] updating countdown to 154441
[10:00:06.289] [SEVERE ] updating countdown to 154433
[10:00:07.303] [SEVERE ] updating countdown to 153419
[10:00:07.307] [SEVERE ] updating countdown to 153416
[10:00:08.315] [SEVERE ] updating countdown to 152407
[10:00:08.316] [SEVERE ] updating countdown to 152406
[10:00:09.325] [SEVERE ] updating countdown to 151397
[10:00:09.328] [SEVERE ] updating countdown to 151394
[10:00:10.337] [SEVERE ] updating countdown to 150385
[10:00:10.338] [SEVERE ] updating countdown to 150384
[10:00:11.347] [SEVERE ] updating countdown to 149375
[10:00:11.348] [SEVERE ] updating countdown to 149374
[10:00:12.358] [SEVERE ] updating countdown to 148365
[10:00:12.359] [SEVERE ] updating countdown to 148363
[10:00:13.368] [SEVERE ] updating countdown to 147354
[10:00:13.370] [SEVERE ] updating countdown to 147353
[10:00:14.379] [SEVERE ] updating countdown to 146343
[10:00:14.383] [SEVERE ] updating countdown to 146339
[10:00:15.391] [SEVERE ] updating countdown to 145331
[10:00:15.393] [SEVERE ] updating countdown to 145329
[10:00:16.400] [SEVERE ] updating countdown to 144322
[10:00:16.402] [SEVERE ] updating countdown to 144320
[10:00:17.411] [SEVERE ] updating countdown to 143311
[10:00:17.413] [SEVERE ] updating countdown to 143309
[10:00:18.422] [SEVERE ] updating countdown to 142300
[10:00:18.423] [SEVERE ] updating countdown to 142299
[10:00:19.433] [SEVERE ] updating countdown to 141289
[10:00:19.434] [SEVERE ] updating countdown to 141288
[10:00:20.443] [SEVERE ] updating countdown to 140279
[10:00:20.445] [SEVERE ] updating countdown to 140277
[10:00:21.453] [SEVERE ] updating countdown to 139269
[10:00:21.456] [SEVERE ] updating countdown to 139266
[10:00:22.465] [SEVERE ] updating countdown to 138257
[10:00:22.467] [SEVERE ] updating countdown to 138255
[10:00:23.476] [SEVERE ] updating countdown to 137246
[10:00:23.477] [SEVERE ] updating countdown to 137245
[10:00:24.482] [SEVERE ] updating countdown to 136240
[10:00:24.484] [SEVERE ] updating countdown to 136238
[10:00:25.491] [SEVERE ] updating countdown to 135231
[10:00:25.492] [SEVERE ] updating countdown to 135230
[10:00:26.502] [SEVERE ] updating countdown to 134220
[10:00:26.510] [SEVERE ] updating countdown to 134212
[10:00:27.519] [SEVERE ] updating countdown to 133203
[10:00:27.521] [SEVERE ] updating countdown to 133201
[10:00:28.530] [SEVERE ] updating countdown to 132192
[10:00:28.532] [SEVERE ] updating countdown to 132190
[10:00:29.541] [SEVERE ] updating countdown to 131181
[10:00:29.542] [SEVERE ] updating countdown to 131180
[10:00:30.551] [SEVERE ] updating countdown to 130171
[10:00:30.553] [SEVERE ] updating countdown to 130169
[10:00:31.562] [SEVERE ] updating countdown to 129160
[10:00:31.565] [SEVERE ] updating countdown to 129157
[10:00:32.573] [SEVERE ] updating countdown to 128149
[10:00:32.575] [SEVERE ] updating countdown to 128147
[10:00:33.582] [SEVERE ] updating countdown to 127140
[10:00:33.583] [SEVERE ] updating countdown to 127139
[10:00:34.591] [SEVERE ] updating countdown to 126132
[10:00:34.595] [SEVERE ] updating countdown to 126127
[10:00:35.604] [SEVERE ] updating countdown to 125118
[10:00:35.607] [SEVERE ] updating countdown to 125115
[10:00:36.616] [SEVERE ] updating countdown to 124106
[10:00:36.618] [SEVERE ] updating countdown to 124104
[10:00:37.627] [SEVERE ] updating countdown to 123095
[10:00:37.628] [SEVERE ] updating countdown to 123094
[10:00:38.637] [SEVERE ] updating countdown to 122085
[10:00:38.639] [SEVERE ] updating countdown to 122083
[10:00:39.648] [SEVERE ] updating countdown to 121074
[10:00:39.650] [SEVERE ] updating countdown to 121072
[10:00:40.656] [SEVERE ] updating countdown to 120066
[10:00:40.659] [SEVERE ] updating countdown to 120063
[10:00:41.668] [SEVERE ] updating countdown to 119054
[10:00:41.670] [SEVERE ] updating countdown to 119052
[10:00:42.677] [SEVERE ] updating countdown to 118045
[10:00:42.679] [SEVERE ] updating countdown to 118043
[10:00:43.688] [SEVERE ] updating countdown to 117034
[10:00:43.690] [SEVERE ] updating countdown to 117032
[10:00:44.699] [SEVERE ] updating countdown to 116024
[10:00:44.700] [SEVERE ] updating countdown to 116022
[10:00:45.706] [SEVERE ] updating countdown to 115016
[10:00:45.707] [SEVERE ] updating countdown to 115015
[10:00:46.713] [SEVERE ] updating countdown to 114009
[10:00:46.717] [SEVERE ] updating countdown to 114005
[10:00:47.726] [SEVERE ] updating countdown to 112996
[10:00:47.728] [SEVERE ] updating countdown to 112994
[10:00:48.737] [SEVERE ] updating countdown to 111985
[10:00:48.739] [SEVERE ] updating countdown to 111983
[10:00:49.747] [SEVERE ] updating countdown to 110975
[10:00:49.749] [SEVERE ] updating countdown to 110973
[10:00:50.757] [SEVERE ] updating countdown to 109965
[10:00:50.759] [SEVERE ] updating countdown to 109963
[10:00:51.768] [SEVERE ] updating countdown to 108954
[10:00:51.769] [SEVERE ] updating countdown to 108953
[10:00:52.778] [SEVERE ] updating countdown to 107944
[10:00:52.779] [SEVERE ] updating countdown to 107943
[10:00:53.787] [SEVERE ] updating countdown to 106935
[10:00:53.789] [SEVERE ] updating countdown to 106933
[10:00:54.797] [SEVERE ] updating countdown to 105925
[10:00:54.798] [SEVERE ] updating countdown to 105924
[10:00:55.807] [SEVERE ] updating countdown to 104915
[10:00:55.809] [SEVERE ] updating countdown to 104913
[10:00:56.818] [SEVERE ] updating countdown to 103904
[10:00:56.819] [SEVERE ] updating countdown to 103903
[10:00:57.828] [SEVERE ] updating countdown to 102894
[10:00:57.830] [SEVERE ] updating countdown to 102892
[10:00:58.839] [SEVERE ] updating countdown to 101883
[10:00:58.840] [SEVERE ] updating countdown to 101882
[10:00:59.847] [SEVERE ] updating countdown to 100875
[10:00:59.848] [SEVERE ] updating countdown to 100874
[10:01:00.857] [SEVERE ] updating countdown to 99865
[10:01:00.859] [SEVERE ] updating countdown to 99863
[10:01:01.863] [SEVERE ] updating countdown to 98859
[10:01:01.868] [SEVERE ] updating countdown to 98854
[10:01:02.877] [SEVERE ] updating countdown to 97845
[10:01:02.886] [SEVERE ] updating countdown to 97836
[10:01:03.898] [SEVERE ] updating countdown to 96824
[10:01:03.899] [SEVERE ] updating countdown to 96823
[10:01:04.908] [SEVERE ] updating countdown to 95814
[10:01:04.909] [SEVERE ] updating countdown to 95813
[10:01:05.918] [SEVERE ] updating countdown to 94804
[10:01:05.921] [SEVERE ] updating countdown to 94801
[10:01:06.930] [SEVERE ] updating countdown to 93793
[10:01:06.936] [SEVERE ] updating countdown to 93786
[10:01:07.948] [SEVERE ] updating countdown to 92774
[10:01:07.952] [SEVERE ] updating countdown to 92770
[10:01:08.961] [SEVERE ] updating countdown to 91761
[10:01:08.963] [SEVERE ] updating countdown to 91759
[10:01:09.972] [SEVERE ] updating countdown to 90750
[10:01:09.973] [SEVERE ] updating countdown to 90749
[10:01:10.981] [SEVERE ] updating countdown to 89741
[10:01:10.983] [SEVERE ] updating countdown to 89739
[10:01:11.988] [SEVERE ] updating countdown to 88734
[10:01:11.989] [SEVERE ] updating countdown to 88733
[10:01:12.998] [SEVERE ] updating countdown to 87724
[10:01:12.999] [SEVERE ] updating countdown to 87723
[10:01:14.009] [SEVERE ] updating countdown to 86713
[10:01:14.010] [SEVERE ] updating countdown to 86712
[10:01:15.019] [SEVERE ] updating countdown to 85703
[10:01:15.020] [SEVERE ] updating countdown to 85702
[10:01:16.029] [SEVERE ] updating countdown to 84693
[10:01:16.030] [SEVERE ] updating countdown to 84692
[10:01:17.039] [SEVERE ] updating countdown to 83683
[10:01:17.045] [SEVERE ] updating countdown to 83677
[10:01:18.055] [SEVERE ] updating countdown to 82667
[10:01:18.060] [SEVERE ] updating countdown to 82662
[10:01:19.071] [SEVERE ] updating countdown to 81651
[10:01:19.074] [SEVERE ] updating countdown to 81648
[10:01:20.083] [SEVERE ] updating countdown to 80639
[10:01:20.085] [SEVERE ] updating countdown to 80637
[10:01:21.094] [SEVERE ] updating countdown to 79628
[10:01:21.100] [SEVERE ] updating countdown to 79622
[10:01:22.109] [SEVERE ] updating countdown to 78613
[10:01:22.111] [SEVERE ] updating countdown to 78611
[10:01:23.116] [SEVERE ] updating countdown to 77606
[10:01:23.117] [SEVERE ] updating countdown to 77605
[10:01:24.126] [SEVERE ] updating countdown to 76596
[10:01:24.127] [SEVERE ] updating countdown to 76595
[10:01:25.136] [SEVERE ] updating countdown to 75586
[10:01:25.138] [SEVERE ] updating countdown to 75584
[10:01:26.147] [SEVERE ] updating countdown to 74575
[10:01:26.151] [SEVERE ] updating countdown to 74571
[10:01:27.160] [SEVERE ] updating countdown to 73562
[10:01:27.162] [SEVERE ] updating countdown to 73560
[10:01:28.171] [SEVERE ] updating countdown to 72551
[10:01:28.172] [SEVERE ] updating countdown to 72550
[10:01:29.178] [SEVERE ] updating countdown to 71544
[10:01:29.179] [SEVERE ] updating countdown to 71543
[10:01:30.188] [SEVERE ] updating countdown to 70534
[10:01:30.190] [SEVERE ] updating countdown to 70532
[10:01:31.199] [SEVERE ] updating countdown to 69523
[10:01:31.201] [SEVERE ] updating countdown to 69521
[10:01:32.210] [SEVERE ] updating countdown to 68512
[10:01:32.213] [SEVERE ] updating countdown to 68509
[10:01:33.223] [SEVERE ] updating countdown to 67499
[10:01:33.225] [SEVERE ] updating countdown to 67497
[10:01:34.234] [SEVERE ] updating countdown to 66488
[10:01:34.235] [SEVERE ] updating countdown to 66487
[10:01:35.244] [SEVERE ] updating countdown to 65478
[10:01:35.246] [SEVERE ] updating countdown to 65476
[10:01:36.255] [SEVERE ] updating countdown to 64467
[10:01:36.256] [SEVERE ] updating countdown to 64466
[10:01:37.265] [SEVERE ] updating countdown to 63457
[10:01:37.269] [SEVERE ] updating countdown to 63453
[10:01:38.277] [SEVERE ] updating countdown to 62445
[10:01:38.279] [SEVERE ] updating countdown to 62443
[10:01:39.286] [SEVERE ] updating countdown to 61436
[10:01:39.287] [SEVERE ] updating countdown to 61435
[10:01:40.294] [SEVERE ] updating countdown to 60428
[10:01:40.296] [SEVERE ] updating countdown to 60426
[10:01:41.304] [SEVERE ] updating countdown to 59418
[10:01:41.307] [SEVERE ] updating countdown to 59415
[10:01:42.316] [SEVERE ] updating countdown to 58406
[10:01:42.318] [SEVERE ] updating countdown to 58404
[10:01:43.327] [SEVERE ] updating countdown to 57395
[10:01:43.328] [SEVERE ] updating countdown to 57394
[10:01:44.337] [SEVERE ] updating countdown to 56385
[10:01:44.339] [SEVERE ] updating countdown to 56383
[10:01:45.347] [SEVERE ] updating countdown to 55375
[10:01:45.348] [SEVERE ] updating countdown to 55374
[10:01:46.355] [SEVERE ] updating countdown to 54367
[10:01:46.357] [SEVERE ] updating countdown to 54365
[10:01:47.366] [SEVERE ] updating countdown to 53356
[10:01:47.368] [SEVERE ] updating countdown to 53354
[10:01:48.377] [SEVERE ] updating countdown to 52345
[10:01:48.379] [SEVERE ] updating countdown to 52343
[10:01:49.388] [SEVERE ] updating countdown to 51334
[10:01:49.393] [SEVERE ] updating countdown to 51329
[10:01:50.406] [SEVERE ] updating countdown to 50316
[10:01:50.409] [SEVERE ] updating countdown to 50313
[10:01:51.416] [SEVERE ] updating countdown to 49306
[10:01:51.422] [SEVERE ] updating countdown to 49300
[10:01:52.431] [SEVERE ] updating countdown to 48291
[10:01:52.434] [SEVERE ] updating countdown to 48288
[10:01:53.443] [SEVERE ] updating countdown to 47279
[10:01:53.445] [SEVERE ] updating countdown to 47277
[10:01:54.451] [SEVERE ] updating countdown to 46271
[10:01:54.453] [SEVERE ] updating countdown to 46269
[10:01:55.460] [SEVERE ] updating countdown to 45262
[10:01:55.461] [SEVERE ] updating countdown to 45261
[10:01:56.470] [SEVERE ] updating countdown to 44252
[10:01:56.471] [SEVERE ] updating countdown to 44251
[10:01:57.476] [SEVERE ] updating countdown to 43246
[10:01:57.477] [SEVERE ] updating countdown to 43245
[10:01:58.483] [SEVERE ] updating countdown to 42239
[10:01:58.485] [SEVERE ] updating countdown to 42237
[10:01:59.490] [SEVERE ] updating countdown to 41232
[10:01:59.492] [SEVERE ] updating countdown to 41230
[10:02:00.501] [SEVERE ] updating countdown to 40221
[10:02:00.503] [SEVERE ] updating countdown to 40219
[10:02:01.508] [SEVERE ] updating countdown to 39214
[10:02:01.509] [SEVERE ] updating countdown to 39213
[10:02:02.513] [SEVERE ] updating countdown to 38209
[10:02:02.516] [SEVERE ] updating countdown to 38206
[10:02:03.525] [SEVERE ] updating countdown to 37197
[10:02:03.526] [SEVERE ] updating countdown to 37196
[10:02:04.536] [SEVERE ] updating countdown to 36186
[10:02:04.539] [SEVERE ] updating countdown to 36183
[10:02:05.548] [SEVERE ] updating countdown to 35175
[10:02:05.550] [SEVERE ] updating countdown to 35172
[10:02:06.559] [SEVERE ] updating countdown to 34163
[10:02:06.561] [SEVERE ] updating countdown to 34161
[10:02:07.567] [SEVERE ] updating countdown to 33155
[10:02:07.568] [SEVERE ] updating countdown to 33154
[10:02:08.065] [SEVERE ] exit button pressed
[10:02:08.068] [INFO   ] Thread Marina terminated.
[10:02:08.069] [INFO   ] Thread Meni terminated.
[10:02:08.577] [SEVERE ] updating countdown to 32145
[10:02:08.580] [SEVERE ] removing card from slot 0
[10:02:08.580] [SEVERE ] removing card from slot 5
[10:02:08.580] [SEVERE ] removing card from slot 3
[10:02:08.580] [SEVERE ] removing card from slot 2
[10:02:08.580] [SEVERE ] removing card from slot 7
[10:02:08.581] [SEVERE ] removing card from slot 1
[10:02:08.581] [SEVERE ] removing card from slot 10
[10:02:08.581] [SEVERE ] removing card from slot 11
[10:02:08.581] [SEVERE ] removing card from slot 8
[10:02:08.581] [SEVERE ] removing card from slot 6
[10:02:08.581] [SEVERE ] removing card from slot 4
[10:02:08.581] [SEVERE ] removing card from slot 9
[10:02:08.592] [SEVERE ] announcing winner(s): player 1, player 2
[10:02:08.599] [INFO   ] Thread dealer terminated.
[10:02:08.600] [INFO   ] thread dealer terminated.
[10:02:08.600] [SEVERE ] thanks for playing... it was fun!
[10:02:08.600] [INFO   ] thread main terminated.
