[08:23:18.398] [INFO   ] thread main starting.
[08:23:18.414] [SEVERE ] cannot read configuration file config.properties trying from resources.
[08:23:18.419] [SEVERE ] configuration file was loaded from resources directory.
[08:23:21.784] [INFO   ] thread dealer starting.
[08:23:21.794] [INFO   ] Thread Marina starting.
[08:23:21.795] [INFO   ] Thread MO starting.
[08:23:21.795] [INFO   ] Thread dealer starting.
[08:23:21.794] [INFO   ] Thread Amir starting.
[08:23:21.794] [INFO   ] Thread Meni starting.
[08:23:21.847] [SEVERE ] placing card 18 in slot 8
[08:23:21.894] [SEVERE ] placing card 16 in slot 7
[08:23:21.900] [SEVERE ] placing card 5 in slot 2
[08:23:21.919] [SEVERE ] placing card 74 in slot 6
[08:23:21.925] [SEVERE ] placing card 36 in slot 0
[08:23:21.929] [SEVERE ] placing card 54 in slot 3
[08:23:21.934] [SEVERE ] placing card 42 in slot 11
[08:23:21.936] [SEVERE ] placing card 58 in slot 10
[08:23:21.938] [SEVERE ] placing card 29 in slot 5
[08:23:21.941] [SEVERE ] placing card 63 in slot 1
[08:23:21.943] [SEVERE ] placing card 51 in slot 4
[08:23:21.947] [SEVERE ] placing card 64 in slot 9
[08:23:21.964] [SEVERE ] updating countdown to 6000
[08:23:21.972] [SEVERE ] updating countdown to 6991
[08:23:27.969] [SEVERE ] updating countdown to 0
[08:23:27.999] [SEVERE ] removing card from slot 1
[08:23:28.005] [SEVERE ] removing card from slot 7
[08:23:28.018] [SEVERE ] removing card from slot 6
[08:23:28.036] [SEVERE ] removing card from slot 2
[08:23:28.048] [SEVERE ] removing card from slot 5
[08:23:28.065] [SEVERE ] removing card from slot 8
[08:23:28.069] [SEVERE ] removing card from slot 4
[08:23:28.075] [SEVERE ] removing card from slot 11
[08:23:28.085] [SEVERE ] removing card from slot 3
[08:23:28.089] [SEVERE ] removing card from slot 10
[08:23:28.104] [SEVERE ] removing card from slot 0
[08:23:28.108] [SEVERE ] removing card from slot 9
[08:23:28.120] [SEVERE ] placing card 70 in slot 11
[08:23:28.137] [SEVERE ] placing card 34 in slot 0
[08:23:28.150] [SEVERE ] placing card 25 in slot 9
[08:23:28.158] [SEVERE ] placing card 65 in slot 3
[08:23:28.165] [SEVERE ] placing card 71 in slot 5
[08:23:28.170] [SEVERE ] placing card 64 in slot 10
[08:23:28.185] [SEVERE ] placing card 68 in slot 6
[08:23:28.188] [SEVERE ] placing card 5 in slot 4
[08:23:28.208] [SEVERE ] placing card 30 in slot 1
[08:23:28.213] [SEVERE ] placing card 42 in slot 7
[08:23:28.222] [SEVERE ] placing card 47 in slot 2
[08:23:28.235] [SEVERE ] placing card 54 in slot 8
[08:23:28.249] [SEVERE ] updating countdown to 6000
[08:23:28.276] [SEVERE ] updating countdown to 6972
[08:23:30.248] [SEVERE ] updating countdown to 4000
[08:23:31.248] [SEVERE ] updating countdown to 3000
[08:23:34.252] [SEVERE ] updating countdown to 0
[08:23:34.268] [SEVERE ] updating countdown to 0
[08:23:34.275] [SEVERE ] removing card from slot 2
[08:23:34.276] [SEVERE ] removing card from slot 9
[08:23:34.276] [SEVERE ] removing card from slot 0
[08:23:34.276] [SEVERE ] removing card from slot 1
[08:23:34.277] [SEVERE ] removing card from slot 6
[08:23:34.287] [SEVERE ] removing card from slot 10
[08:23:34.287] [SEVERE ] removing card from slot 3
[08:23:34.288] [SEVERE ] removing card from slot 5
[08:23:34.288] [SEVERE ] removing card from slot 7
[08:23:34.288] [SEVERE ] removing card from slot 11
[08:23:34.288] [SEVERE ] removing card from slot 8
[08:23:34.289] [SEVERE ] removing card from slot 4
[08:23:34.294] [SEVERE ] placing card 74 in slot 9
[08:23:34.298] [SEVERE ] placing card 73 in slot 2
[08:23:34.303] [SEVERE ] placing card 72 in slot 6
[08:23:34.303] [SEVERE ] placing card 61 in slot 4
[08:23:34.312] [SEVERE ] placing card 69 in slot 1
[08:23:34.321] [SEVERE ] placing card 64 in slot 0
[08:23:34.322] [SEVERE ] placing card 33 in slot 8
[08:23:34.323] [SEVERE ] placing card 22 in slot 3
[08:23:34.324] [SEVERE ] placing card 27 in slot 5
[08:23:34.325] [SEVERE ] placing card 12 in slot 7
[08:23:34.325] [SEVERE ] placing card 38 in slot 11
[08:23:34.338] [SEVERE ] placing card 65 in slot 10
[08:23:34.339] [SEVERE ] updating countdown to 6000
[08:23:34.341] [SEVERE ] updating countdown to 6997
[08:23:38.340] [SEVERE ] updating countdown to 2000
[08:23:40.341] [SEVERE ] updating countdown to 0
[08:23:40.351] [SEVERE ] removing card from slot 11
[08:23:40.353] [SEVERE ] removing card from slot 4
[08:23:40.353] [SEVERE ] removing card from slot 3
[08:23:40.353] [SEVERE ] removing card from slot 6
[08:23:40.354] [SEVERE ] removing card from slot 7
[08:23:40.363] [SEVERE ] removing card from slot 1
[08:23:40.369] [SEVERE ] removing card from slot 0
[08:23:40.372] [SEVERE ] removing card from slot 9
[08:23:40.372] [SEVERE ] removing card from slot 5
[08:23:40.373] [SEVERE ] removing card from slot 10
[08:23:40.373] [SEVERE ] removing card from slot 2
[08:23:40.373] [SEVERE ] removing card from slot 8
[08:23:40.379] [SEVERE ] placing card 61 in slot 8
[08:23:40.384] [SEVERE ] placing card 39 in slot 1
[08:23:40.384] [SEVERE ] placing card 20 in slot 9
[08:23:40.391] [SEVERE ] placing card 27 in slot 2
[08:23:40.394] [SEVERE ] placing card 12 in slot 0
[08:23:40.395] [SEVERE ] placing card 50 in slot 4
[08:23:40.395] [SEVERE ] placing card 76 in slot 3
[08:23:40.395] [SEVERE ] placing card 31 in slot 5
[08:23:40.399] [SEVERE ] placing card 11 in slot 10
[08:23:40.399] [SEVERE ] placing card 21 in slot 7
[08:23:40.399] [SEVERE ] placing card 57 in slot 11
[08:23:40.399] [SEVERE ] placing card 14 in slot 6
[08:23:40.408] [SEVERE ] updating countdown to 6000
[08:23:40.413] [SEVERE ] updating countdown to 6995
[08:23:46.410] [SEVERE ] updating countdown to 0
[08:23:46.427] [SEVERE ] removing card from slot 4
[08:23:46.428] [SEVERE ] removing card from slot 7
[08:23:46.428] [SEVERE ] removing card from slot 1
[08:23:46.428] [SEVERE ] removing card from slot 11
[08:23:46.436] [SEVERE ] removing card from slot 2
[08:23:46.436] [SEVERE ] removing card from slot 6
[08:23:46.436] [SEVERE ] removing card from slot 3
[08:23:46.436] [SEVERE ] removing card from slot 8
[08:23:46.437] [SEVERE ] removing card from slot 5
[08:23:46.437] [SEVERE ] removing card from slot 10
[08:23:46.442] [SEVERE ] removing card from slot 9
[08:23:46.442] [SEVERE ] removing card from slot 0
[08:23:46.445] [SEVERE ] placing card 62 in slot 10
[08:23:46.447] [SEVERE ] placing card 51 in slot 6
[08:23:46.447] [SEVERE ] placing card 16 in slot 9
[08:23:46.447] [SEVERE ] placing card 79 in slot 2
[08:23:46.448] [SEVERE ] placing card 69 in slot 8
[08:23:46.455] [SEVERE ] placing card 39 in slot 4
[08:23:46.455] [SEVERE ] placing card 54 in slot 0
[08:23:46.459] [SEVERE ] placing card 5 in slot 5
[08:23:46.462] [SEVERE ] placing card 14 in slot 7
[08:23:46.462] [SEVERE ] placing card 21 in slot 3
[08:23:46.464] [SEVERE ] placing card 59 in slot 11
[08:23:46.465] [SEVERE ] placing card 44 in slot 1
[08:23:46.468] [SEVERE ] updating countdown to 6000
[08:23:46.469] [SEVERE ] updating countdown to 6998
[08:23:48.468] [SEVERE ] updating countdown to 4000
[08:23:49.468] [SEVERE ] updating countdown to 3000
[08:23:49.468] [SEVERE ] updating countdown to 3000
[08:23:52.471] [SEVERE ] updating countdown to 0
[08:23:52.478] [SEVERE ] updating countdown to 0
[08:23:52.483] [SEVERE ] removing card from slot 9
[08:23:52.484] [SEVERE ] removing card from slot 11
[08:23:52.484] [SEVERE ] removing card from slot 10
[08:23:52.484] [SEVERE ] removing card from slot 2
[08:23:52.484] [SEVERE ] removing card from slot 7
[08:23:52.485] [SEVERE ] removing card from slot 0
[08:23:52.485] [SEVERE ] removing card from slot 5
[08:23:52.485] [SEVERE ] removing card from slot 6
[08:23:52.485] [SEVERE ] removing card from slot 1
[08:23:52.485] [SEVERE ] removing card from slot 3
[08:23:52.485] [SEVERE ] removing card from slot 8
[08:23:52.485] [SEVERE ] removing card from slot 4
[08:23:52.492] [SEVERE ] placing card 49 in slot 11
[08:23:52.503] [SEVERE ] placing card 36 in slot 8
[08:23:52.503] [SEVERE ] placing card 35 in slot 10
[08:23:52.503] [SEVERE ] placing card 8 in slot 5
[08:23:52.503] [SEVERE ] placing card 39 in slot 7
[08:23:52.503] [SEVERE ] placing card 31 in slot 1
[08:23:52.503] [SEVERE ] placing card 37 in slot 6
[08:23:52.503] [SEVERE ] placing card 11 in slot 2
[08:23:52.503] [SEVERE ] placing card 71 in slot 3
[08:23:52.503] [SEVERE ] placing card 18 in slot 0
[08:23:52.503] [SEVERE ] placing card 78 in slot 9
[08:23:52.504] [SEVERE ] placing card 22 in slot 4
[08:23:52.504] [SEVERE ] updating countdown to 6000
[08:23:52.505] [SEVERE ] updating countdown to 6998
[08:23:55.506] [SEVERE ] updating countdown to 3000
[08:23:58.507] [SEVERE ] updating countdown to 0
[08:23:58.520] [SEVERE ] removing card from slot 10
[08:23:58.522] [SEVERE ] removing card from slot 5
[08:23:58.534] [SEVERE ] removing card from slot 9
[08:23:58.537] [SEVERE ] removing card from slot 7
[08:23:58.538] [SEVERE ] removing card from slot 8
[08:23:58.542] [SEVERE ] removing card from slot 3
[08:23:58.545] [SEVERE ] removing card from slot 11
[08:23:58.545] [SEVERE ] removing card from slot 4
[08:23:58.545] [SEVERE ] removing card from slot 0
[08:23:58.545] [SEVERE ] removing card from slot 1
[08:23:58.545] [SEVERE ] removing card from slot 6
[08:23:58.548] [SEVERE ] removing card from slot 2
[08:23:58.554] [SEVERE ] placing card 70 in slot 3
[08:23:58.555] [SEVERE ] placing card 36 in slot 5
[08:23:58.555] [SEVERE ] placing card 14 in slot 4
[08:23:58.555] [SEVERE ] placing card 74 in slot 9
[08:23:58.558] [SEVERE ] placing card 4 in slot 2
[08:23:58.558] [SEVERE ] placing card 59 in slot 7
[08:23:58.558] [SEVERE ] placing card 11 in slot 6
[08:23:58.558] [SEVERE ] placing card 79 in slot 10
[08:23:58.563] [SEVERE ] placing card 35 in slot 0
[08:23:58.564] [SEVERE ] placing card 20 in slot 11
[08:23:58.564] [SEVERE ] placing card 56 in slot 8
[08:23:58.564] [SEVERE ] placing card 12 in slot 1
[08:23:58.564] [SEVERE ] updating countdown to 6000
[08:23:58.564] [SEVERE ] updating countdown to 6999
[08:24:01.770] [SEVERE ] exit button pressed
[08:24:01.772] [SEVERE ] removing card from slot 4
[08:24:01.772] [SEVERE ] removing card from slot 1
[08:24:01.772] [INFO   ] Thread MO terminated.
[08:24:01.772] [SEVERE ] removing card from slot 2
[08:24:01.772] [SEVERE ] removing card from slot 0
[08:24:01.773] [SEVERE ] removing card from slot 11
[08:24:01.773] [SEVERE ] removing card from slot 6
[08:24:01.773] [INFO   ] Thread Amir terminated.
[08:24:01.773] [SEVERE ] removing card from slot 8
[08:24:01.773] [SEVERE ] removing card from slot 10
[08:24:01.773] [INFO   ] Thread Marina terminated.
[08:24:01.773] [SEVERE ] removing card from slot 5
[08:24:01.773] [INFO   ] Thread Meni terminated.
[08:24:01.773] [SEVERE ] removing card from slot 7
[08:24:01.773] [SEVERE ] removing card from slot 9
[08:24:01.773] [SEVERE ] removing card from slot 3
[08:24:01.787] [SEVERE ] announcing winner(s): player 1, player 2, player 3, player 4
[08:24:01.791] [INFO   ] Thread dealer terminated.
[08:24:01.792] [INFO   ] thread dealer terminated.
[08:24:01.792] [SEVERE ] thanks for playing... it was fun!
[08:24:01.792] [INFO   ] thread main terminated.
