[09:40:18.141] [INFO   ] thread main starting.
[09:40:18.166] [SEVERE ] cannot read configuration file config.properties trying from resources.
[09:40:18.172] [SEVERE ] configuration file was loaded from resources directory.
[09:40:20.795] [INFO   ] thread dealer starting.
[09:40:20.802] [INFO   ] Thread Meni starting.
[09:40:20.803] [INFO   ] Thread Marina starting.
[09:40:20.802] [INFO   ] Thread dealer starting.
[09:40:20.862] [SEVERE ] placing card 63 in slot 2
[09:40:20.886] [SEVERE ] placing card 40 in slot 9
[09:40:20.887] [SEVERE ] placing card 17 in slot 4
[09:40:20.888] [SEVERE ] placing card 52 in slot 3
[09:40:20.895] [SEVERE ] placing card 34 in slot 11
[09:40:20.906] [SEVERE ] placing card 59 in slot 0
[09:40:20.910] [SEVERE ] placing card 61 in slot 8
[09:40:20.913] [SEVERE ] placing card 18 in slot 7
[09:40:20.916] [SEVERE ] placing card 27 in slot 6
[09:40:20.919] [SEVERE ] placing card 9 in slot 5
[09:40:20.924] [SEVERE ] placing card 48 in slot 10
[09:40:20.927] [SEVERE ] placing card 6 in slot 1
[09:40:20.946] [SEVERE ] updating countdown to 100000
[09:40:20.954] [SEVERE ] updating countdown to 100991
[09:40:21.970] [SEVERE ] updating countdown to 99975
[09:40:21.982] [SEVERE ] updating countdown to 99963
[09:40:22.999] [SEVERE ] updating countdown to 98946
[09:40:23.008] [SEVERE ] updating countdown to 98937
[09:40:24.026] [SEVERE ] updating countdown to 97920
[09:40:24.036] [SEVERE ] updating countdown to 97909
[09:40:25.051] [SEVERE ] updating countdown to 96895
[09:40:25.058] [SEVERE ] updating countdown to 96887
[09:40:26.079] [SEVERE ] updating countdown to 95866
[09:40:26.089] [SEVERE ] updating countdown to 95856
[09:40:27.105] [SEVERE ] updating countdown to 94840
[09:40:27.116] [SEVERE ] updating countdown to 94829
[09:40:28.143] [SEVERE ] updating countdown to 93802
[09:40:28.156] [SEVERE ] updating countdown to 93789
[09:40:29.172] [SEVERE ] updating countdown to 92773
[09:40:29.181] [SEVERE ] updating countdown to 92764
[09:40:30.196] [SEVERE ] updating countdown to 91749
[09:40:30.203] [SEVERE ] updating countdown to 91742
[09:40:31.220] [SEVERE ] updating countdown to 90726
[09:40:31.228] [SEVERE ] updating countdown to 90717
[09:40:32.245] [SEVERE ] updating countdown to 89700
[09:40:32.252] [SEVERE ] updating countdown to 89693
[09:40:33.267] [SEVERE ] updating countdown to 88678
[09:40:33.274] [SEVERE ] updating countdown to 88671
[09:40:34.289] [SEVERE ] updating countdown to 87656
[09:40:34.298] [SEVERE ] updating countdown to 87647
[09:40:35.313] [SEVERE ] updating countdown to 86632
[09:40:35.322] [SEVERE ] updating countdown to 86623
[09:40:36.338] [SEVERE ] updating countdown to 85607
[09:40:36.346] [SEVERE ] updating countdown to 85599
[09:40:37.362] [SEVERE ] updating countdown to 84583
[09:40:37.370] [SEVERE ] updating countdown to 84575
[09:40:38.385] [SEVERE ] updating countdown to 83560
[09:40:38.403] [SEVERE ] updating countdown to 83542
[09:40:39.421] [SEVERE ] updating countdown to 82525
[09:40:39.433] [SEVERE ] updating countdown to 82513
[09:40:40.447] [SEVERE ] updating countdown to 81498
[09:40:40.455] [SEVERE ] updating countdown to 81490
[09:40:41.469] [SEVERE ] updating countdown to 80476
[09:40:41.476] [SEVERE ] updating countdown to 80469
[09:40:42.491] [SEVERE ] updating countdown to 79455
[09:40:42.497] [SEVERE ] updating countdown to 79448
[09:40:43.512] [SEVERE ] updating countdown to 78433
[09:40:43.519] [SEVERE ] updating countdown to 78426
[09:40:44.535] [SEVERE ] updating countdown to 77410
[09:40:44.545] [SEVERE ] updating countdown to 77400
[09:40:45.559] [SEVERE ] updating countdown to 76386
[09:40:45.568] [SEVERE ] updating countdown to 76377
[09:40:46.583] [SEVERE ] updating countdown to 75363
[09:40:46.590] [SEVERE ] updating countdown to 75355
[09:40:47.608] [SEVERE ] updating countdown to 74337
[09:40:47.613] [SEVERE ] updating countdown to 74332
[09:40:48.628] [SEVERE ] updating countdown to 73317
[09:40:48.635] [SEVERE ] updating countdown to 73310
[09:40:49.650] [SEVERE ] updating countdown to 72296
[09:40:49.663] [SEVERE ] updating countdown to 72282
[09:40:50.678] [SEVERE ] updating countdown to 71267
[09:40:50.685] [SEVERE ] updating countdown to 71260
[09:40:51.700] [SEVERE ] updating countdown to 70246
[09:40:51.709] [SEVERE ] updating countdown to 70236
[09:40:52.724] [SEVERE ] updating countdown to 69221
[09:40:52.738] [SEVERE ] updating countdown to 69207
[09:40:53.751] [SEVERE ] updating countdown to 68194
[09:40:53.759] [SEVERE ] updating countdown to 68187
[09:40:54.773] [SEVERE ] updating countdown to 67172
[09:40:54.782] [SEVERE ] updating countdown to 67163
[09:40:55.804] [SEVERE ] updating countdown to 66141
[09:40:55.811] [SEVERE ] updating countdown to 66134
[09:40:56.826] [SEVERE ] updating countdown to 65119
[09:40:56.833] [SEVERE ] updating countdown to 65112
[09:40:57.852] [SEVERE ] updating countdown to 64094
[09:40:57.861] [SEVERE ] updating countdown to 64084
[09:40:58.881] [SEVERE ] updating countdown to 63064
[09:40:58.890] [SEVERE ] updating countdown to 63055
[09:40:59.906] [SEVERE ] updating countdown to 62040
[09:40:59.917] [SEVERE ] updating countdown to 62028
[09:41:00.933] [SEVERE ] updating countdown to 61013
[09:41:00.947] [SEVERE ] updating countdown to 60998
[09:41:01.961] [SEVERE ] updating countdown to 59984
[09:41:01.970] [SEVERE ] updating countdown to 59975
[09:41:02.987] [SEVERE ] updating countdown to 58958
[09:41:02.993] [SEVERE ] updating countdown to 58952
[09:41:04.010] [SEVERE ] updating countdown to 57935
[09:41:04.017] [SEVERE ] updating countdown to 57928
[09:41:05.036] [SEVERE ] updating countdown to 56910
[09:41:05.051] [SEVERE ] updating countdown to 56894
[09:41:06.065] [SEVERE ] updating countdown to 55880
[09:41:06.074] [SEVERE ] updating countdown to 55872
[09:41:07.089] [SEVERE ] updating countdown to 54856
[09:41:07.096] [SEVERE ] updating countdown to 54849
[09:41:08.112] [SEVERE ] updating countdown to 53833
[09:41:08.120] [SEVERE ] updating countdown to 53825
[09:41:09.134] [SEVERE ] updating countdown to 52811
[09:41:09.141] [SEVERE ] updating countdown to 52804
[09:41:10.156] [SEVERE ] updating countdown to 51789
[09:41:10.163] [SEVERE ] updating countdown to 51782
[09:41:11.181] [SEVERE ] updating countdown to 50764
[09:41:11.188] [SEVERE ] updating countdown to 50757
[09:41:12.203] [SEVERE ] updating countdown to 49742
[09:41:12.209] [SEVERE ] updating countdown to 49736
[09:41:13.224] [SEVERE ] updating countdown to 48721
[09:41:13.231] [SEVERE ] updating countdown to 48714
[09:41:14.244] [SEVERE ] updating countdown to 47701
[09:41:14.252] [SEVERE ] updating countdown to 47693
[09:41:15.266] [SEVERE ] updating countdown to 46680
[09:41:15.272] [SEVERE ] updating countdown to 46673
[09:41:16.287] [SEVERE ] updating countdown to 45658
[09:41:16.294] [SEVERE ] updating countdown to 45651
[09:41:17.313] [SEVERE ] updating countdown to 44632
[09:41:17.321] [SEVERE ] updating countdown to 44624
[09:41:18.336] [SEVERE ] updating countdown to 43610
[09:41:18.342] [SEVERE ] updating countdown to 43603
[09:41:19.356] [SEVERE ] updating countdown to 42589
[09:41:19.364] [SEVERE ] updating countdown to 42581
[09:41:20.379] [SEVERE ] updating countdown to 41566
[09:41:20.386] [SEVERE ] updating countdown to 41559
[09:41:21.401] [SEVERE ] updating countdown to 40544
[09:41:21.408] [SEVERE ] updating countdown to 40537
[09:41:22.423] [SEVERE ] updating countdown to 39522
[09:41:22.430] [SEVERE ] updating countdown to 39515
[09:41:23.446] [SEVERE ] updating countdown to 38499
[09:41:23.465] [SEVERE ] updating countdown to 38480
[09:41:24.480] [SEVERE ] updating countdown to 37465
[09:41:24.487] [SEVERE ] updating countdown to 37458
[09:41:25.503] [SEVERE ] updating countdown to 36442
[09:41:25.516] [SEVERE ] updating countdown to 36429
[09:41:26.532] [SEVERE ] updating countdown to 35413
[09:41:26.538] [SEVERE ] updating countdown to 35407
[09:41:27.552] [SEVERE ] updating countdown to 34393
[09:41:27.559] [SEVERE ] updating countdown to 34386
[09:41:28.583] [SEVERE ] updating countdown to 33362
[09:41:28.591] [SEVERE ] updating countdown to 33354
[09:41:29.609] [SEVERE ] updating countdown to 32336
[09:41:29.615] [SEVERE ] updating countdown to 32330
[09:41:30.632] [SEVERE ] updating countdown to 31313
[09:41:30.644] [SEVERE ] updating countdown to 31301
[09:41:31.658] [SEVERE ] updating countdown to 30288
[09:41:31.664] [SEVERE ] updating countdown to 30281
[09:41:32.678] [SEVERE ] updating countdown to 29267
[09:41:32.687] [SEVERE ] updating countdown to 29258
[09:41:33.708] [SEVERE ] updating countdown to 28237
[09:41:33.733] [SEVERE ] updating countdown to 28212
[09:41:34.747] [SEVERE ] updating countdown to 27198
[09:41:34.754] [SEVERE ] updating countdown to 27191
[09:41:35.769] [SEVERE ] updating countdown to 26176
[09:41:35.775] [SEVERE ] updating countdown to 26170
[09:41:36.793] [SEVERE ] updating countdown to 25152
[09:41:36.800] [SEVERE ] updating countdown to 25145
[09:41:37.815] [SEVERE ] updating countdown to 24130
[09:41:37.825] [SEVERE ] updating countdown to 24120
[09:41:38.838] [SEVERE ] updating countdown to 23107
[09:41:38.849] [SEVERE ] updating countdown to 23096
[09:41:39.862] [SEVERE ] updating countdown to 22083
[09:41:39.869] [SEVERE ] updating countdown to 22076
[09:41:40.882] [SEVERE ] updating countdown to 21063
[09:41:40.889] [SEVERE ] updating countdown to 21056
[09:41:41.903] [SEVERE ] updating countdown to 20042
[09:41:41.911] [SEVERE ] updating countdown to 20034
[09:41:42.925] [SEVERE ] updating countdown to 19020
[09:41:42.933] [SEVERE ] updating countdown to 19012
[09:41:43.948] [SEVERE ] updating countdown to 17997
[09:41:43.956] [SEVERE ] updating countdown to 17989
[09:41:44.971] [SEVERE ] updating countdown to 16974
[09:41:44.979] [SEVERE ] updating countdown to 16966
[09:41:45.995] [SEVERE ] updating countdown to 15950
[09:41:46.002] [SEVERE ] updating countdown to 15943
[09:41:47.017] [SEVERE ] updating countdown to 14929
[09:41:47.023] [SEVERE ] updating countdown to 14922
[09:41:48.037] [SEVERE ] updating countdown to 13908
[09:41:48.044] [SEVERE ] updating countdown to 13901
[09:41:49.058] [SEVERE ] updating countdown to 12887
[09:41:49.066] [SEVERE ] updating countdown to 12879
[09:41:50.085] [SEVERE ] updating countdown to 11861
[09:41:50.092] [SEVERE ] updating countdown to 11853
[09:41:51.105] [SEVERE ] updating countdown to 10840
[09:41:51.112] [SEVERE ] updating countdown to 10833
[09:41:52.126] [SEVERE ] updating countdown to 9819
[09:41:52.133] [SEVERE ] updating countdown to 9812
[09:41:53.151] [SEVERE ] updating countdown to 8794
[09:41:53.159] [SEVERE ] updating countdown to 8786
[09:41:54.169] [SEVERE ] updating countdown to 7776
[09:41:54.177] [SEVERE ] updating countdown to 7768
[09:41:55.193] [SEVERE ] updating countdown to 6753
[09:41:55.203] [SEVERE ] updating countdown to 6742
[09:41:56.219] [SEVERE ] updating countdown to 5727
[09:41:56.228] [SEVERE ] updating countdown to 5718
[09:41:57.247] [SEVERE ] updating countdown to 4698
[09:41:57.254] [SEVERE ] updating countdown to 4691
[09:41:58.272] [SEVERE ] updating countdown to 3673
[09:41:58.279] [SEVERE ] updating countdown to 3666
[09:41:59.295] [SEVERE ] updating countdown to 2650
[09:41:59.303] [SEVERE ] updating countdown to 2642
[09:42:00.319] [SEVERE ] updating countdown to 1626
[09:42:00.327] [SEVERE ] updating countdown to 1618
[09:42:01.349] [SEVERE ] updating countdown to 596
[09:42:01.362] [SEVERE ] removing card from slot 9
[09:42:01.367] [SEVERE ] removing card from slot 0
[09:42:01.384] [SEVERE ] removing card from slot 7
[09:42:01.391] [SEVERE ] removing card from slot 11
[09:42:01.400] [SEVERE ] removing card from slot 4
[09:42:01.407] [SEVERE ] removing card from slot 6
[09:42:01.419] [SEVERE ] removing card from slot 1
[09:42:01.426] [SEVERE ] removing card from slot 5
[09:42:01.430] [SEVERE ] removing card from slot 10
[09:42:01.435] [SEVERE ] removing card from slot 3
[09:42:01.441] [SEVERE ] removing card from slot 2
[09:42:01.446] [SEVERE ] removing card from slot 8
[09:42:01.456] [SEVERE ] placing card 71 in slot 9
[09:42:01.467] [SEVERE ] placing card 45 in slot 6
[09:42:01.472] [SEVERE ] placing card 4 in slot 3
[09:42:01.479] [SEVERE ] placing card 46 in slot 7
[09:42:01.493] [SEVERE ] placing card 62 in slot 2
[09:42:01.499] [SEVERE ] placing card 80 in slot 4
[09:42:01.505] [SEVERE ] placing card 65 in slot 5
[09:42:01.508] [SEVERE ] placing card 23 in slot 0
[09:42:01.513] [SEVERE ] placing card 68 in slot 11
[09:42:01.533] [SEVERE ] placing card 59 in slot 8
[09:42:01.541] [SEVERE ] placing card 78 in slot 1
[09:42:01.549] [SEVERE ] placing card 57 in slot 10
[09:42:01.557] [SEVERE ] updating countdown to 100000
[09:42:01.563] [SEVERE ] updating countdown to 100993
[09:42:02.575] [SEVERE ] updating countdown to 99981
[09:42:02.584] [SEVERE ] updating countdown to 99972
[09:42:03.604] [SEVERE ] updating countdown to 98952
[09:42:03.611] [SEVERE ] updating countdown to 98945
[09:42:04.625] [SEVERE ] updating countdown to 97931
[09:42:04.631] [SEVERE ] updating countdown to 97925
[09:42:05.647] [SEVERE ] updating countdown to 96909
[09:42:05.654] [SEVERE ] updating countdown to 96902
[09:42:06.669] [SEVERE ] updating countdown to 95887
[09:42:06.677] [SEVERE ] updating countdown to 95879
[09:42:07.691] [SEVERE ] updating countdown to 94865
[09:42:07.697] [SEVERE ] updating countdown to 94860
[09:42:08.712] [SEVERE ] updating countdown to 93845
[09:42:08.720] [SEVERE ] updating countdown to 93836
[09:42:09.737] [SEVERE ] updating countdown to 92819
[09:42:09.748] [SEVERE ] updating countdown to 92808
[09:42:10.766] [SEVERE ] updating countdown to 91790
[09:42:10.777] [SEVERE ] updating countdown to 91779
[09:42:11.792] [SEVERE ] updating countdown to 90764
[09:42:11.800] [SEVERE ] updating countdown to 90757
[09:42:12.813] [SEVERE ] updating countdown to 89743
[09:42:12.820] [SEVERE ] updating countdown to 89736
[09:42:13.836] [SEVERE ] updating countdown to 88720
[09:42:13.844] [SEVERE ] updating countdown to 88712
[09:42:14.866] [SEVERE ] updating countdown to 87690
[09:42:14.873] [SEVERE ] updating countdown to 87683
[09:42:15.890] [SEVERE ] updating countdown to 86666
[09:42:15.897] [SEVERE ] updating countdown to 86659
[09:42:16.911] [SEVERE ] updating countdown to 85645
[09:42:16.918] [SEVERE ] updating countdown to 85638
[09:42:17.934] [SEVERE ] updating countdown to 84622
[09:42:17.941] [SEVERE ] updating countdown to 84615
[09:42:18.956] [SEVERE ] updating countdown to 83600
[09:42:18.965] [SEVERE ] updating countdown to 83591
[09:42:19.980] [SEVERE ] updating countdown to 82576
[09:42:19.987] [SEVERE ] updating countdown to 82569
[09:42:21.000] [SEVERE ] updating countdown to 81556
[09:42:21.007] [SEVERE ] updating countdown to 81549
[09:42:22.022] [SEVERE ] updating countdown to 80534
[09:42:22.028] [SEVERE ] updating countdown to 80528
[09:42:23.045] [SEVERE ] updating countdown to 79511
[09:42:23.054] [SEVERE ] updating countdown to 79502
[09:42:24.069] [SEVERE ] updating countdown to 78487
[09:42:24.076] [SEVERE ] updating countdown to 78480
[09:42:25.091] [SEVERE ] updating countdown to 77465
[09:42:25.098] [SEVERE ] updating countdown to 77458
[09:42:26.115] [SEVERE ] updating countdown to 76441
[09:42:26.124] [SEVERE ] updating countdown to 76432
[09:42:27.140] [SEVERE ] updating countdown to 75416
[09:42:27.147] [SEVERE ] updating countdown to 75409
[09:42:28.162] [SEVERE ] updating countdown to 74394
[09:42:28.169] [SEVERE ] updating countdown to 74387
[09:42:29.187] [SEVERE ] updating countdown to 73370
[09:42:29.197] [SEVERE ] updating countdown to 73359
[09:42:29.563] [SEVERE ] key 90 was pressed by player 1
[09:42:29.567] [SEVERE ] player 1 placing token on slot 8
[09:42:30.211] [SEVERE ] updating countdown to 72345
[09:42:30.220] [SEVERE ] updating countdown to 72336
[09:42:31.236] [SEVERE ] updating countdown to 71320
[09:42:31.247] [SEVERE ] updating countdown to 71313
[09:42:32.265] [SEVERE ] updating countdown to 70292
[09:42:32.272] [SEVERE ] updating countdown to 70284
[09:42:33.286] [SEVERE ] updating countdown to 69270
[09:42:33.293] [SEVERE ] updating countdown to 69263
[09:42:34.307] [SEVERE ] updating countdown to 68249
[09:42:34.313] [SEVERE ] updating countdown to 68243
[09:42:35.327] [SEVERE ] updating countdown to 67229
[09:42:35.334] [SEVERE ] updating countdown to 67222
[09:42:36.348] [SEVERE ] updating countdown to 66208
[09:42:36.356] [SEVERE ] updating countdown to 66200
[09:42:37.370] [SEVERE ] updating countdown to 65186
[09:42:37.377] [SEVERE ] updating countdown to 65179
[09:42:38.392] [SEVERE ] updating countdown to 64164
[09:42:38.399] [SEVERE ] updating countdown to 64157
[09:42:39.416] [SEVERE ] updating countdown to 63140
[09:42:39.428] [SEVERE ] updating countdown to 63128
[09:42:40.446] [SEVERE ] updating countdown to 62110
[09:42:40.455] [SEVERE ] updating countdown to 62101
[09:42:41.469] [SEVERE ] updating countdown to 61087
[09:42:41.476] [SEVERE ] updating countdown to 61080
[09:42:42.490] [SEVERE ] updating countdown to 60066
[09:42:42.497] [SEVERE ] updating countdown to 60060
[09:42:43.510] [SEVERE ] updating countdown to 59046
[09:42:43.517] [SEVERE ] updating countdown to 59039
[09:42:44.530] [SEVERE ] updating countdown to 58026
[09:42:44.537] [SEVERE ] updating countdown to 58019
[09:42:45.552] [SEVERE ] updating countdown to 57004
[09:42:45.558] [SEVERE ] updating countdown to 56998
[09:42:46.576] [SEVERE ] updating countdown to 55980
[09:42:46.584] [SEVERE ] updating countdown to 55972
[09:42:47.598] [SEVERE ] updating countdown to 54958
[09:42:47.604] [SEVERE ] updating countdown to 54952
[09:42:48.619] [SEVERE ] updating countdown to 53937
[09:42:48.626] [SEVERE ] updating countdown to 53930
[09:42:49.640] [SEVERE ] updating countdown to 52916
[09:42:49.647] [SEVERE ] updating countdown to 52909
[09:42:50.661] [SEVERE ] updating countdown to 51895
[09:42:50.672] [SEVERE ] updating countdown to 51884
[09:42:51.688] [SEVERE ] updating countdown to 50868
[09:42:51.695] [SEVERE ] updating countdown to 50861
[09:42:52.710] [SEVERE ] updating countdown to 49846
[09:42:52.717] [SEVERE ] updating countdown to 49839
[09:42:53.731] [SEVERE ] updating countdown to 48825
[09:42:53.737] [SEVERE ] updating countdown to 48819
[09:42:54.751] [SEVERE ] updating countdown to 47805
[09:42:54.758] [SEVERE ] updating countdown to 47798
[09:42:55.773] [SEVERE ] updating countdown to 46783
[09:42:55.783] [SEVERE ] updating countdown to 46773
[09:42:56.798] [SEVERE ] updating countdown to 45758
[09:42:56.805] [SEVERE ] updating countdown to 45751
[09:42:57.820] [SEVERE ] updating countdown to 44736
[09:42:57.827] [SEVERE ] updating countdown to 44729
[09:42:58.847] [SEVERE ] updating countdown to 43709
[09:42:58.854] [SEVERE ] updating countdown to 43702
[09:42:59.869] [SEVERE ] updating countdown to 42687
[09:42:59.876] [SEVERE ] updating countdown to 42680
[09:43:00.890] [SEVERE ] updating countdown to 41666
[09:43:00.898] [SEVERE ] updating countdown to 41658
[09:43:01.914] [SEVERE ] updating countdown to 40642
[09:43:01.921] [SEVERE ] updating countdown to 40635
[09:43:02.940] [SEVERE ] updating countdown to 39616
[09:43:02.947] [SEVERE ] updating countdown to 39609
[09:43:03.963] [SEVERE ] updating countdown to 38593
[09:43:03.969] [SEVERE ] updating countdown to 38587
[09:43:04.986] [SEVERE ] updating countdown to 37570
[09:43:04.993] [SEVERE ] updating countdown to 37563
[09:43:06.008] [SEVERE ] updating countdown to 36548
[09:43:06.014] [SEVERE ] updating countdown to 36542
[09:43:06.975] [SEVERE ] key 83 was pressed by player 1
[09:43:06.979] [SEVERE ] player 1 placing token on slot 5
[09:43:07.030] [SEVERE ] updating countdown to 35526
[09:43:07.036] [SEVERE ] updating countdown to 35520
[09:43:08.051] [SEVERE ] updating countdown to 34505
[09:43:08.059] [SEVERE ] updating countdown to 34498
[09:43:09.074] [SEVERE ] updating countdown to 33482
[09:43:09.082] [SEVERE ] updating countdown to 33474
[09:43:10.097] [SEVERE ] updating countdown to 32459
[09:43:10.107] [SEVERE ] updating countdown to 32449
[09:43:11.123] [SEVERE ] updating countdown to 31433
[09:43:11.132] [SEVERE ] updating countdown to 31425
[09:43:12.147] [SEVERE ] updating countdown to 30410
[09:43:12.154] [SEVERE ] updating countdown to 30402
[09:43:13.172] [SEVERE ] updating countdown to 29384
[09:43:13.183] [SEVERE ] updating countdown to 29374
[09:43:14.199] [SEVERE ] updating countdown to 28358
[09:43:14.206] [SEVERE ] updating countdown to 28350
[09:43:15.220] [SEVERE ] updating countdown to 27336
[09:43:15.226] [SEVERE ] updating countdown to 27330
[09:43:16.241] [SEVERE ] updating countdown to 26315
[09:43:16.248] [SEVERE ] updating countdown to 26308
[09:43:17.264] [SEVERE ] updating countdown to 25292
[09:43:17.271] [SEVERE ] updating countdown to 25285
[09:43:18.291] [SEVERE ] updating countdown to 24266
[09:43:18.297] [SEVERE ] updating countdown to 24259
[09:43:19.315] [SEVERE ] updating countdown to 23241
[09:43:19.322] [SEVERE ] updating countdown to 23234
[09:43:20.337] [SEVERE ] updating countdown to 22219
[09:43:20.345] [SEVERE ] updating countdown to 22211
[09:43:21.359] [SEVERE ] updating countdown to 21197
[09:43:21.366] [SEVERE ] updating countdown to 21190
[09:43:22.380] [SEVERE ] updating countdown to 20176
[09:43:22.385] [SEVERE ] updating countdown to 20171
[09:43:23.399] [SEVERE ] updating countdown to 19157
[09:43:23.406] [SEVERE ] updating countdown to 19150
[09:43:24.423] [SEVERE ] updating countdown to 18133
[09:43:24.430] [SEVERE ] updating countdown to 18126
[09:43:25.445] [SEVERE ] updating countdown to 17111
[09:43:25.451] [SEVERE ] updating countdown to 17105
[09:43:26.466] [SEVERE ] updating countdown to 16090
[09:43:26.473] [SEVERE ] updating countdown to 16083
[09:43:27.487] [SEVERE ] updating countdown to 15069
[09:43:27.493] [SEVERE ] updating countdown to 15063
[09:43:28.509] [SEVERE ] updating countdown to 14047
[09:43:28.516] [SEVERE ] updating countdown to 14040
[09:43:29.530] [SEVERE ] updating countdown to 13026
[09:43:29.537] [SEVERE ] updating countdown to 13019
[09:43:30.554] [SEVERE ] updating countdown to 12002
[09:43:30.560] [SEVERE ] updating countdown to 11996
[09:43:31.575] [SEVERE ] updating countdown to 10982
[09:43:31.581] [SEVERE ] updating countdown to 10975
[09:43:32.599] [SEVERE ] updating countdown to 9957
[09:43:32.606] [SEVERE ] updating countdown to 9950
[09:43:33.624] [SEVERE ] updating countdown to 8932
[09:43:33.630] [SEVERE ] updating countdown to 8926
[09:43:34.645] [SEVERE ] updating countdown to 7911
[09:43:34.652] [SEVERE ] updating countdown to 7904
[09:43:35.666] [SEVERE ] updating countdown to 6890
[09:43:35.674] [SEVERE ] updating countdown to 6882
[09:43:36.687] [SEVERE ] updating countdown to 5869
[09:43:36.694] [SEVERE ] updating countdown to 5862
[09:43:37.715] [SEVERE ] updating countdown to 4844
[09:43:37.723] [SEVERE ] updating countdown to 4833
[09:43:38.738] [SEVERE ] updating countdown to 3818
[09:43:38.745] [SEVERE ] updating countdown to 3811
[09:43:39.761] [SEVERE ] updating countdown to 2795
[09:43:39.767] [SEVERE ] updating countdown to 2789
[09:43:40.783] [SEVERE ] updating countdown to 1773
[09:43:40.789] [SEVERE ] updating countdown to 1767
[09:43:41.804] [SEVERE ] updating countdown to 752
[09:43:41.815] [SEVERE ] removing player 1 token from slot 5
[09:43:41.819] [SEVERE ] removing player 1 token from slot 8
[09:43:41.826] [SEVERE ] removing card from slot 11
[09:43:41.829] [SEVERE ] removing card from slot 2
[09:43:41.830] [SEVERE ] removing card from slot 8
[09:43:41.830] [SEVERE ] removing card from slot 10
[09:43:41.830] [SEVERE ] removing card from slot 3
[09:43:41.830] [SEVERE ] removing card from slot 7
[09:43:41.830] [SEVERE ] removing card from slot 1
[09:43:41.834] [SEVERE ] removing card from slot 5
[09:43:41.834] [SEVERE ] removing card from slot 9
[09:43:41.834] [SEVERE ] removing card from slot 6
[09:43:41.834] [SEVERE ] removing card from slot 4
[09:43:41.834] [SEVERE ] removing card from slot 0
[09:43:41.837] [SEVERE ] placing card 50 in slot 5
[09:43:41.837] [SEVERE ] placing card 49 in slot 9
[09:43:41.837] [SEVERE ] placing card 48 in slot 4
[09:43:41.837] [SEVERE ] placing card 72 in slot 10
[09:43:41.837] [SEVERE ] placing card 32 in slot 8
[09:43:41.837] [SEVERE ] placing card 51 in slot 2
[09:43:41.838] [SEVERE ] placing card 2 in slot 0
[09:43:41.838] [SEVERE ] placing card 70 in slot 7
[09:43:41.838] [SEVERE ] placing card 71 in slot 11
[09:43:41.838] [SEVERE ] placing card 30 in slot 1
[09:43:41.838] [SEVERE ] placing card 74 in slot 6
[09:43:41.838] [SEVERE ] placing card 52 in slot 3
[09:43:41.839] [SEVERE ] updating countdown to 100000
[09:43:41.840] [SEVERE ] updating countdown to 100997
[09:43:42.849] [SEVERE ] updating countdown to 99988
[09:43:42.853] [SEVERE ] updating countdown to 99984
[09:43:43.860] [SEVERE ] updating countdown to 98977
[09:43:43.863] [SEVERE ] updating countdown to 98974
[09:43:44.870] [SEVERE ] updating countdown to 97967
[09:43:44.872] [SEVERE ] updating countdown to 97965
[09:43:45.881] [SEVERE ] updating countdown to 96956
[09:43:45.884] [SEVERE ] updating countdown to 96953
[09:43:46.892] [SEVERE ] updating countdown to 95945
[09:43:46.894] [SEVERE ] updating countdown to 95943
[09:43:47.900] [SEVERE ] updating countdown to 94937
[09:43:47.901] [SEVERE ] updating countdown to 94936
[09:43:48.910] [SEVERE ] updating countdown to 93927
[09:43:48.912] [SEVERE ] updating countdown to 93925
[09:43:49.921] [SEVERE ] updating countdown to 92916
[09:43:49.924] [SEVERE ] updating countdown to 92913
[09:43:50.933] [SEVERE ] updating countdown to 91904
[09:43:50.935] [SEVERE ] updating countdown to 91902
[09:43:51.943] [SEVERE ] updating countdown to 90894
[09:43:51.945] [SEVERE ] updating countdown to 90892
[09:43:52.954] [SEVERE ] updating countdown to 89883
[09:43:52.956] [SEVERE ] updating countdown to 89881
[09:43:53.962] [SEVERE ] updating countdown to 88875
[09:43:53.964] [SEVERE ] updating countdown to 88873
[09:43:54.973] [SEVERE ] updating countdown to 87864
[09:43:54.977] [SEVERE ] updating countdown to 87860
[09:43:55.982] [SEVERE ] updating countdown to 86855
[09:43:55.984] [SEVERE ] updating countdown to 86853
[09:43:56.993] [SEVERE ] updating countdown to 85844
[09:43:56.999] [SEVERE ] updating countdown to 85838
[09:43:58.010] [SEVERE ] updating countdown to 84827
[09:43:58.012] [SEVERE ] updating countdown to 84825
[09:43:59.022] [SEVERE ] updating countdown to 83815
[09:43:59.025] [SEVERE ] updating countdown to 83812
[09:44:00.034] [SEVERE ] updating countdown to 82803
[09:44:00.037] [SEVERE ] updating countdown to 82800
[09:44:01.045] [SEVERE ] updating countdown to 81792
[09:44:01.047] [SEVERE ] updating countdown to 81790
[09:44:02.056] [SEVERE ] updating countdown to 80781
[09:44:02.062] [SEVERE ] updating countdown to 80775
[09:44:03.073] [SEVERE ] updating countdown to 79764
[09:44:03.076] [SEVERE ] updating countdown to 79761
[09:44:04.086] [SEVERE ] updating countdown to 78752
[09:44:04.089] [SEVERE ] updating countdown to 78749
[09:44:05.097] [SEVERE ] updating countdown to 77741
[09:44:05.107] [SEVERE ] updating countdown to 77730
[09:44:06.121] [SEVERE ] updating countdown to 76716
[09:44:06.123] [SEVERE ] updating countdown to 76714
[09:44:07.131] [SEVERE ] updating countdown to 75706
[09:44:07.132] [SEVERE ] updating countdown to 75705
[09:44:08.141] [SEVERE ] updating countdown to 74696
[09:44:08.143] [SEVERE ] updating countdown to 74694
[09:44:09.149] [SEVERE ] updating countdown to 73689
[09:44:09.151] [SEVERE ] updating countdown to 73686
[09:44:10.160] [SEVERE ] updating countdown to 72677
[09:44:10.163] [SEVERE ] updating countdown to 72674
[09:44:11.169] [SEVERE ] updating countdown to 71668
[09:44:11.171] [SEVERE ] updating countdown to 71666
[09:44:12.179] [SEVERE ] updating countdown to 70658
[09:44:12.180] [SEVERE ] updating countdown to 70657
[09:44:13.190] [SEVERE ] updating countdown to 69647
[09:44:13.196] [SEVERE ] updating countdown to 69641
[09:44:14.210] [SEVERE ] updating countdown to 68627
[09:44:14.212] [SEVERE ] updating countdown to 68625
[09:44:15.221] [SEVERE ] updating countdown to 67616
[09:44:15.222] [SEVERE ] updating countdown to 67615
[09:44:16.230] [SEVERE ] updating countdown to 66607
[09:44:16.231] [SEVERE ] updating countdown to 66606
[09:44:17.241] [SEVERE ] updating countdown to 65596
[09:44:17.242] [SEVERE ] updating countdown to 65595
[09:44:18.248] [SEVERE ] updating countdown to 64589
[09:44:18.249] [SEVERE ] updating countdown to 64588
[09:44:19.256] [SEVERE ] updating countdown to 63581
[09:44:19.257] [SEVERE ] updating countdown to 63580
[09:44:20.266] [SEVERE ] updating countdown to 62571
[09:44:20.268] [SEVERE ] updating countdown to 62569
[09:44:21.273] [SEVERE ] updating countdown to 61564
[09:44:21.276] [SEVERE ] updating countdown to 61561
[09:44:22.288] [SEVERE ] updating countdown to 60549
[09:44:22.289] [SEVERE ] updating countdown to 60548
[09:44:23.299] [SEVERE ] updating countdown to 59538
[09:44:23.301] [SEVERE ] updating countdown to 59536
[09:44:24.306] [SEVERE ] updating countdown to 58531
[09:44:24.308] [SEVERE ] updating countdown to 58529
[09:44:25.316] [SEVERE ] updating countdown to 57521
[09:44:25.319] [SEVERE ] updating countdown to 57518
[09:44:26.324] [SEVERE ] updating countdown to 56513
[09:44:26.327] [SEVERE ] updating countdown to 56510
[09:44:27.336] [SEVERE ] updating countdown to 55501
[09:44:27.339] [SEVERE ] updating countdown to 55498
[09:44:28.348] [SEVERE ] updating countdown to 54489
[09:44:28.349] [SEVERE ] updating countdown to 54488
[09:44:29.358] [SEVERE ] updating countdown to 53479
[09:44:29.360] [SEVERE ] updating countdown to 53477
[09:44:30.369] [SEVERE ] updating countdown to 52468
[09:44:30.370] [SEVERE ] updating countdown to 52467
[09:44:31.376] [SEVERE ] updating countdown to 51461
[09:44:31.377] [SEVERE ] updating countdown to 51460
[09:44:32.386] [SEVERE ] updating countdown to 50451
[09:44:32.388] [SEVERE ] updating countdown to 50449
[09:44:33.397] [SEVERE ] updating countdown to 49440
[09:44:33.399] [SEVERE ] updating countdown to 49438
[09:44:34.407] [SEVERE ] updating countdown to 48430
[09:44:34.409] [SEVERE ] updating countdown to 48428
[09:44:35.418] [SEVERE ] updating countdown to 47419
[09:44:35.420] [SEVERE ] updating countdown to 47417
[09:44:36.429] [SEVERE ] updating countdown to 46408
[09:44:36.432] [SEVERE ] updating countdown to 46405
[09:44:37.438] [SEVERE ] updating countdown to 45399
[09:44:37.441] [SEVERE ] updating countdown to 45396
[09:44:38.451] [SEVERE ] updating countdown to 44386
[09:44:38.453] [SEVERE ] updating countdown to 44384
[09:44:39.462] [SEVERE ] updating countdown to 43375
[09:44:39.464] [SEVERE ] updating countdown to 43373
[09:44:40.473] [SEVERE ] updating countdown to 42364
[09:44:40.474] [SEVERE ] updating countdown to 42363
[09:44:41.484] [SEVERE ] updating countdown to 41353
[09:44:41.485] [SEVERE ] updating countdown to 41352
[09:44:42.494] [SEVERE ] updating countdown to 40343
[09:44:42.497] [SEVERE ] updating countdown to 40341
[09:44:43.507] [SEVERE ] updating countdown to 39330
[09:44:43.511] [SEVERE ] updating countdown to 39326
[09:44:44.520] [SEVERE ] updating countdown to 38317
[09:44:44.524] [SEVERE ] updating countdown to 38313
[09:44:45.534] [SEVERE ] updating countdown to 37303
[09:44:45.536] [SEVERE ] updating countdown to 37301
[09:44:46.545] [SEVERE ] updating countdown to 36292
[09:44:46.546] [SEVERE ] updating countdown to 36291
[09:44:47.555] [SEVERE ] updating countdown to 35282
[09:44:47.557] [SEVERE ] updating countdown to 35280
[09:44:48.562] [SEVERE ] updating countdown to 34275
[09:44:48.564] [SEVERE ] updating countdown to 34273
[09:44:49.573] [SEVERE ] updating countdown to 33264
[09:44:49.574] [SEVERE ] updating countdown to 33263
[09:44:50.583] [SEVERE ] updating countdown to 32254
[09:44:50.587] [SEVERE ] updating countdown to 32250
[09:44:51.596] [SEVERE ] updating countdown to 31241
[09:44:51.598] [SEVERE ] updating countdown to 31239
[09:44:52.552] [SEVERE ] key 86 was pressed by player 1
[09:44:52.553] [SEVERE ] player 1 placing token on slot 11
[09:44:52.608] [SEVERE ] updating countdown to 30229
[09:44:52.609] [SEVERE ] updating countdown to 30228
[09:44:53.614] [SEVERE ] updating countdown to 29223
[09:44:53.617] [SEVERE ] updating countdown to 29220
[09:44:54.626] [SEVERE ] updating countdown to 28211
[09:44:54.627] [SEVERE ] updating countdown to 28210
[09:44:55.637] [SEVERE ] updating countdown to 27200
[09:44:55.638] [SEVERE ] updating countdown to 27199
[09:44:56.647] [SEVERE ] updating countdown to 26190
[09:44:56.650] [SEVERE ] updating countdown to 26187
[09:44:57.659] [SEVERE ] updating countdown to 25178
[09:44:57.661] [SEVERE ] updating countdown to 25176
[09:44:58.669] [SEVERE ] updating countdown to 24168
[09:44:58.671] [SEVERE ] updating countdown to 24166
[09:44:59.678] [SEVERE ] updating countdown to 23159
[09:44:59.680] [SEVERE ] updating countdown to 23157
[09:45:00.687] [SEVERE ] updating countdown to 22150
[09:45:00.694] [SEVERE ] updating countdown to 22143
[09:45:01.703] [SEVERE ] updating countdown to 21134
[09:45:01.706] [SEVERE ] updating countdown to 21131
[09:45:02.715] [SEVERE ] updating countdown to 20122
[09:45:02.717] [SEVERE ] updating countdown to 20121
[09:45:03.721] [SEVERE ] updating countdown to 19116
[09:45:03.722] [SEVERE ] updating countdown to 19115
[09:45:04.732] [SEVERE ] updating countdown to 18105
[09:45:04.733] [SEVERE ] updating countdown to 18104
[09:45:05.742] [SEVERE ] updating countdown to 17095
[09:45:05.744] [SEVERE ] updating countdown to 17093
[09:45:06.753] [SEVERE ] updating countdown to 16085
[09:45:06.754] [SEVERE ] updating countdown to 16083
[09:45:07.256] [SEVERE ] key 83 was pressed by player 1
[09:45:07.258] [SEVERE ] player 1 placing token on slot 5
[09:45:07.763] [SEVERE ] updating countdown to 15074
[09:45:07.774] [SEVERE ] updating countdown to 15063
[09:45:08.786] [SEVERE ] updating countdown to 14051
[09:45:08.788] [SEVERE ] updating countdown to 14049
[09:45:09.797] [SEVERE ] updating countdown to 13040
[09:45:09.798] [SEVERE ] updating countdown to 13039
[09:45:10.807] [SEVERE ] updating countdown to 12030
[09:45:10.808] [SEVERE ] updating countdown to 12029
[09:45:11.817] [SEVERE ] updating countdown to 11020
[09:45:11.823] [SEVERE ] updating countdown to 11014
[09:45:12.830] [SEVERE ] updating countdown to 10007
[09:45:12.831] [SEVERE ] updating countdown to 10006
[09:45:13.840] [SEVERE ] updating countdown to 8997
[09:45:13.841] [SEVERE ] updating countdown to 8996
[09:45:14.849] [SEVERE ] updating countdown to 7988
[09:45:14.855] [SEVERE ] updating countdown to 7982
[09:45:15.867] [SEVERE ] updating countdown to 6970
[09:45:15.869] [SEVERE ] updating countdown to 6968
[09:45:16.877] [SEVERE ] updating countdown to 5960
[09:45:16.878] [SEVERE ] updating countdown to 5959
[09:45:17.885] [SEVERE ] updating countdown to 4952
[09:45:17.887] [SEVERE ] updating countdown to 4950
[09:45:18.896] [SEVERE ] updating countdown to 3941
[09:45:18.897] [SEVERE ] updating countdown to 3940
[09:45:19.010] [SEVERE ] key 81 was pressed by player 1
[09:45:19.011] [SEVERE ] player 1 placing token on slot 0
[09:45:19.022] [SEVERE ] updating countdown to 3815
[09:45:19.025] [SEVERE ] updating countdown to 3812
[09:45:19.027] [SEVERE ] setting player 1 freeze to 0
[09:45:19.028] [SEVERE ] removing player 1 token from slot 11
[09:45:19.029] [SEVERE ] setting player 1 freeze to 0
[09:45:19.030] [SEVERE ] setting player 1 score to 1
[09:45:19.030] [SEVERE ] removing card from slot 11
[09:45:19.035] [SEVERE ] removing player 1 token from slot 5
[09:45:19.035] [SEVERE ] removing card from slot 5
[09:45:19.035] [SEVERE ] removing player 1 token from slot 0
[09:45:19.035] [SEVERE ] removing card from slot 0
[09:45:19.036] [SEVERE ] placing card 35 in slot 5
[09:45:19.036] [SEVERE ] placing card 44 in slot 11
[09:45:19.036] [SEVERE ] placing card 7 in slot 0
[09:45:19.036] [SEVERE ] updating countdown to 100000
[09:45:19.037] [SEVERE ] updating countdown to 100998
[09:45:20.046] [SEVERE ] updating countdown to 99989
[09:45:20.050] [SEVERE ] updating countdown to 99985
[09:45:21.059] [SEVERE ] updating countdown to 98976
[09:45:21.064] [SEVERE ] updating countdown to 98971
[09:45:22.071] [SEVERE ] updating countdown to 97964
[09:45:22.073] [SEVERE ] updating countdown to 97962
[09:45:23.082] [SEVERE ] updating countdown to 96953
[09:45:23.083] [SEVERE ] updating countdown to 96952
[09:45:24.091] [SEVERE ] updating countdown to 95944
[09:45:24.092] [SEVERE ] updating countdown to 95943
[09:45:25.101] [SEVERE ] updating countdown to 94934
[09:45:25.103] [SEVERE ] updating countdown to 94932
[09:45:26.114] [SEVERE ] updating countdown to 93921
[09:45:26.116] [SEVERE ] updating countdown to 93919
[09:45:27.124] [SEVERE ] updating countdown to 92911
[09:45:27.126] [SEVERE ] updating countdown to 92909
[09:45:28.135] [SEVERE ] updating countdown to 91900
[09:45:28.136] [SEVERE ] updating countdown to 91899
[09:45:29.143] [SEVERE ] updating countdown to 90892
[09:45:29.147] [SEVERE ] updating countdown to 90888
[09:45:30.156] [SEVERE ] updating countdown to 89879
[09:45:30.159] [SEVERE ] updating countdown to 89876
[09:45:31.163] [SEVERE ] updating countdown to 88872
[09:45:31.165] [SEVERE ] updating countdown to 88870
[09:45:32.174] [SEVERE ] updating countdown to 87861
[09:45:32.176] [SEVERE ] updating countdown to 87859
[09:45:33.185] [SEVERE ] updating countdown to 86850
[09:45:33.191] [SEVERE ] updating countdown to 86844
[09:45:34.200] [SEVERE ] updating countdown to 85835
[09:45:34.205] [SEVERE ] updating countdown to 85830
[09:45:35.215] [SEVERE ] updating countdown to 84820
[09:45:35.217] [SEVERE ] updating countdown to 84818
[09:45:36.226] [SEVERE ] updating countdown to 83809
[09:45:36.227] [SEVERE ] updating countdown to 83808
[09:45:37.236] [SEVERE ] updating countdown to 82799
[09:45:37.237] [SEVERE ] updating countdown to 82798
[09:45:38.244] [SEVERE ] updating countdown to 81792
[09:45:38.245] [SEVERE ] updating countdown to 81790
[09:45:39.254] [SEVERE ] updating countdown to 80781
[09:45:39.255] [SEVERE ] updating countdown to 80780
[09:45:40.264] [SEVERE ] updating countdown to 79771
[09:45:40.267] [SEVERE ] updating countdown to 79768
[09:45:41.277] [SEVERE ] updating countdown to 78758
[09:45:41.282] [SEVERE ] updating countdown to 78753
[09:45:42.292] [SEVERE ] updating countdown to 77743
[09:45:42.294] [SEVERE ] updating countdown to 77741
[09:45:43.298] [SEVERE ] updating countdown to 76737
[09:45:43.300] [SEVERE ] updating countdown to 76735
[09:45:44.309] [SEVERE ] updating countdown to 75726
[09:45:44.314] [SEVERE ] updating countdown to 75721
[09:45:45.328] [SEVERE ] updating countdown to 74708
[09:45:45.330] [SEVERE ] updating countdown to 74705
[09:45:46.338] [SEVERE ] updating countdown to 73697
[09:45:46.339] [SEVERE ] updating countdown to 73696
[09:45:47.348] [SEVERE ] updating countdown to 72687
[09:45:47.349] [SEVERE ] updating countdown to 72686
[09:45:48.358] [SEVERE ] updating countdown to 71677
[09:45:48.360] [SEVERE ] updating countdown to 71675
[09:45:49.369] [SEVERE ] updating countdown to 70666
[09:45:49.371] [SEVERE ] updating countdown to 70664
[09:45:50.379] [SEVERE ] updating countdown to 69656
[09:45:50.381] [SEVERE ] updating countdown to 69654
[09:45:51.385] [SEVERE ] updating countdown to 68650
[09:45:51.391] [SEVERE ] updating countdown to 68644
[09:45:52.400] [SEVERE ] updating countdown to 67635
[09:45:52.403] [SEVERE ] updating countdown to 67632
[09:45:53.412] [SEVERE ] updating countdown to 66623
[09:45:53.415] [SEVERE ] updating countdown to 66620
[09:45:54.423] [SEVERE ] updating countdown to 65612
[09:45:54.425] [SEVERE ] updating countdown to 65610
[09:45:55.433] [SEVERE ] updating countdown to 64602
[09:45:55.435] [SEVERE ] updating countdown to 64600
[09:45:56.442] [SEVERE ] updating countdown to 63594
[09:45:56.443] [SEVERE ] updating countdown to 63592
[09:45:57.452] [SEVERE ] updating countdown to 62583
[09:45:57.453] [SEVERE ] updating countdown to 62582
[09:45:58.458] [SEVERE ] updating countdown to 61577
[09:45:58.459] [SEVERE ] updating countdown to 61576
[09:45:59.468] [SEVERE ] updating countdown to 60567
[09:45:59.470] [SEVERE ] updating countdown to 60565
[09:46:00.479] [SEVERE ] updating countdown to 59556
[09:46:00.482] [SEVERE ] updating countdown to 59553
[09:46:01.490] [SEVERE ] updating countdown to 58545
[09:46:01.492] [SEVERE ] updating countdown to 58543
[09:46:02.501] [SEVERE ] updating countdown to 57534
[09:46:02.502] [SEVERE ] updating countdown to 57533
[09:46:03.511] [SEVERE ] updating countdown to 56524
[09:46:03.516] [SEVERE ] updating countdown to 56519
[09:46:04.525] [SEVERE ] updating countdown to 55510
[09:46:04.527] [SEVERE ] updating countdown to 55508
[09:46:05.535] [SEVERE ] updating countdown to 54500
[09:46:05.537] [SEVERE ] updating countdown to 54498
[09:46:06.545] [SEVERE ] updating countdown to 53490
[09:46:06.548] [SEVERE ] updating countdown to 53487
[09:46:07.557] [SEVERE ] updating countdown to 52478
[09:46:07.560] [SEVERE ] updating countdown to 52475
[09:46:08.565] [SEVERE ] updating countdown to 51470
[09:46:08.568] [SEVERE ] updating countdown to 51467
[09:46:09.574] [SEVERE ] updating countdown to 50461
[09:46:09.575] [SEVERE ] updating countdown to 50460
[09:46:10.583] [SEVERE ] updating countdown to 49452
[09:46:10.586] [SEVERE ] updating countdown to 49449
[09:46:11.595] [SEVERE ] updating countdown to 48440
[09:46:11.596] [SEVERE ] updating countdown to 48439
[09:46:12.605] [SEVERE ] updating countdown to 47430
[09:46:12.606] [SEVERE ] updating countdown to 47429
[09:46:13.615] [SEVERE ] updating countdown to 46420
[09:46:13.617] [SEVERE ] updating countdown to 46418
[09:46:14.625] [SEVERE ] updating countdown to 45410
[09:46:14.626] [SEVERE ] updating countdown to 45409
[09:46:15.635] [SEVERE ] updating countdown to 44400
[09:46:15.637] [SEVERE ] updating countdown to 44398
[09:46:16.646] [SEVERE ] updating countdown to 43389
[09:46:16.647] [SEVERE ] updating countdown to 43388
[09:46:17.656] [SEVERE ] updating countdown to 42379
[09:46:17.657] [SEVERE ] updating countdown to 42378
[09:46:18.665] [SEVERE ] updating countdown to 41370
[09:46:18.667] [SEVERE ] updating countdown to 41368
[09:46:19.676] [SEVERE ] updating countdown to 40359
[09:46:19.677] [SEVERE ] updating countdown to 40358
[09:46:20.686] [SEVERE ] updating countdown to 39349
[09:46:20.687] [SEVERE ] updating countdown to 39348
[09:46:21.696] [SEVERE ] updating countdown to 38339
[09:46:21.698] [SEVERE ] updating countdown to 38337
[09:46:22.706] [SEVERE ] updating countdown to 37329
[09:46:22.708] [SEVERE ] updating countdown to 37327
[09:46:23.717] [SEVERE ] updating countdown to 36318
[09:46:23.719] [SEVERE ] updating countdown to 36316
[09:46:24.728] [SEVERE ] updating countdown to 35307
[09:46:24.729] [SEVERE ] updating countdown to 35306
[09:46:25.738] [SEVERE ] updating countdown to 34298
[09:46:25.739] [SEVERE ] updating countdown to 34296
[09:46:26.748] [SEVERE ] updating countdown to 33287
[09:46:26.749] [SEVERE ] updating countdown to 33286
[09:46:27.758] [SEVERE ] updating countdown to 32277
[09:46:27.759] [SEVERE ] updating countdown to 32276
[09:46:28.766] [SEVERE ] updating countdown to 31269
[09:46:28.767] [SEVERE ] updating countdown to 31268
[09:46:29.772] [SEVERE ] updating countdown to 30263
[09:46:29.773] [SEVERE ] updating countdown to 30262
[09:46:30.782] [SEVERE ] updating countdown to 29253
[09:46:30.783] [SEVERE ] updating countdown to 29252
[09:46:31.792] [SEVERE ] updating countdown to 28243
[09:46:31.793] [SEVERE ] updating countdown to 28242
[09:46:32.802] [SEVERE ] updating countdown to 27233
[09:46:32.804] [SEVERE ] updating countdown to 27231
[09:46:33.812] [SEVERE ] updating countdown to 26223
[09:46:33.813] [SEVERE ] updating countdown to 26222
[09:46:34.823] [SEVERE ] updating countdown to 25213
[09:46:34.824] [SEVERE ] updating countdown to 25211
[09:46:35.830] [SEVERE ] updating countdown to 24205
[09:46:35.831] [SEVERE ] updating countdown to 24204
[09:46:36.841] [SEVERE ] updating countdown to 23194
[09:46:36.842] [SEVERE ] updating countdown to 23193
[09:46:37.847] [SEVERE ] updating countdown to 22188
[09:46:37.848] [SEVERE ] updating countdown to 22187
[09:46:38.855] [SEVERE ] updating countdown to 21180
[09:46:38.856] [SEVERE ] updating countdown to 21179
[09:46:39.865] [SEVERE ] updating countdown to 20170
[09:46:39.870] [SEVERE ] updating countdown to 20165
[09:46:40.879] [SEVERE ] updating countdown to 19156
[09:46:40.885] [SEVERE ] updating countdown to 19150
[09:46:41.893] [SEVERE ] updating countdown to 18142
[09:46:41.895] [SEVERE ] updating countdown to 18140
[09:46:42.904] [SEVERE ] updating countdown to 17131
[09:46:42.905] [SEVERE ] updating countdown to 17130
[09:46:43.913] [SEVERE ] updating countdown to 16122
[09:46:43.914] [SEVERE ] updating countdown to 16121
[09:46:44.923] [SEVERE ] updating countdown to 15112
[09:46:44.925] [SEVERE ] updating countdown to 15110
[09:46:45.930] [SEVERE ] updating countdown to 14105
[09:46:45.931] [SEVERE ] updating countdown to 14104
[09:46:46.939] [SEVERE ] updating countdown to 13096
[09:46:46.944] [SEVERE ] updating countdown to 13091
[09:46:47.953] [SEVERE ] updating countdown to 12082
[09:46:47.954] [SEVERE ] updating countdown to 12081
[09:46:48.963] [SEVERE ] updating countdown to 11072
[09:46:48.964] [SEVERE ] updating countdown to 11071
[09:46:49.973] [SEVERE ] updating countdown to 10062
[09:46:49.974] [SEVERE ] updating countdown to 10061
[09:46:50.979] [SEVERE ] updating countdown to 9056
[09:46:50.980] [SEVERE ] updating countdown to 9055
[09:46:51.987] [SEVERE ] updating countdown to 8048
[09:46:51.989] [SEVERE ] updating countdown to 8046
[09:46:52.997] [SEVERE ] updating countdown to 7038
[09:46:52.998] [SEVERE ] updating countdown to 7037
[09:46:54.007] [SEVERE ] updating countdown to 6028
[09:46:54.008] [SEVERE ] updating countdown to 6027
[09:46:55.016] [SEVERE ] updating countdown to 5019
[09:46:55.020] [SEVERE ] updating countdown to 5015
[09:46:55.487] [SEVERE ] key 81 was pressed by player 1
[09:46:55.487] [SEVERE ] player 1 placing token on slot 0
[09:46:56.029] [SEVERE ] updating countdown to 4006
[09:46:56.036] [SEVERE ] updating countdown to 3999
[09:46:56.079] [SEVERE ] key 87 was pressed by player 1
[09:46:56.080] [SEVERE ] player 1 placing token on slot 1
[09:46:56.927] [SEVERE ] key 67 was pressed by player 1
[09:46:56.928] [SEVERE ] player 1 placing token on slot 10
[09:46:56.932] [SEVERE ] updating countdown to 3103
[09:46:56.933] [SEVERE ] updating countdown to 3102
[09:46:56.933] [SEVERE ] updating countdown to 3102
[09:46:56.934] [SEVERE ] setting player 1 freeze to 0
[09:46:56.934] [SEVERE ] setting player 1 freeze to 0
[09:46:57.943] [SEVERE ] updating countdown to 2092
[09:46:57.945] [SEVERE ] updating countdown to 2090
[09:46:58.954] [SEVERE ] updating countdown to 1081
[09:46:58.955] [SEVERE ] updating countdown to 1080
[09:46:59.962] [SEVERE ] updating countdown to 73
[09:46:59.973] [SEVERE ] removing player 1 token from slot 0
[09:46:59.974] [SEVERE ] removing player 1 token from slot 1
[09:46:59.974] [SEVERE ] removing player 1 token from slot 10
[09:46:59.974] [SEVERE ] removing card from slot 1
[09:46:59.975] [SEVERE ] removing card from slot 4
[09:46:59.975] [SEVERE ] removing card from slot 7
[09:46:59.975] [SEVERE ] removing card from slot 6
[09:46:59.975] [SEVERE ] removing card from slot 0
[09:46:59.975] [SEVERE ] removing card from slot 2
[09:46:59.976] [SEVERE ] removing card from slot 3
[09:46:59.976] [SEVERE ] removing card from slot 8
[09:46:59.976] [SEVERE ] removing card from slot 5
[09:46:59.976] [SEVERE ] removing card from slot 11
[09:46:59.978] [SEVERE ] removing card from slot 9
[09:46:59.978] [SEVERE ] removing card from slot 10
[09:46:59.980] [SEVERE ] placing card 75 in slot 6
[09:46:59.982] [SEVERE ] placing card 70 in slot 8
[09:46:59.982] [SEVERE ] placing card 56 in slot 4
[09:46:59.982] [SEVERE ] placing card 62 in slot 7
[09:46:59.982] [SEVERE ] placing card 77 in slot 1
[09:46:59.982] [SEVERE ] placing card 33 in slot 5
[09:46:59.982] [SEVERE ] placing card 32 in slot 3
[09:46:59.982] [SEVERE ] placing card 60 in slot 0
[09:46:59.983] [SEVERE ] placing card 15 in slot 11
[09:46:59.983] [SEVERE ] placing card 37 in slot 9
[09:46:59.983] [SEVERE ] placing card 68 in slot 2
[09:46:59.983] [SEVERE ] placing card 27 in slot 10
[09:46:59.983] [SEVERE ] updating countdown to 100000
[09:46:59.983] [SEVERE ] updating countdown to 100999
[09:47:00.992] [SEVERE ] updating countdown to 99990
[09:47:00.997] [SEVERE ] updating countdown to 99985
[09:47:02.003] [SEVERE ] updating countdown to 98979
[09:47:02.005] [SEVERE ] updating countdown to 98977
[09:47:03.013] [SEVERE ] updating countdown to 97969
[09:47:03.014] [SEVERE ] updating countdown to 97968
[09:47:04.025] [SEVERE ] updating countdown to 96959
[09:47:04.030] [SEVERE ] updating countdown to 96953
[09:47:04.390] [SEVERE ] exit button pressed
[09:47:04.392] [INFO   ] Thread Marina terminated.
[09:47:04.393] [INFO   ] Thread Meni terminated.
[09:47:05.039] [SEVERE ] updating countdown to 95944
[09:47:05.042] [SEVERE ] removing card from slot 3
[09:47:05.043] [SEVERE ] removing card from slot 11
[09:47:05.043] [SEVERE ] removing card from slot 1
[09:47:05.043] [SEVERE ] removing card from slot 6
[09:47:05.043] [SEVERE ] removing card from slot 5
[09:47:05.043] [SEVERE ] removing card from slot 0
[09:47:05.043] [SEVERE ] removing card from slot 4
[09:47:05.043] [SEVERE ] removing card from slot 8
[09:47:05.044] [SEVERE ] removing card from slot 9
[09:47:05.044] [SEVERE ] removing card from slot 7
[09:47:05.044] [SEVERE ] removing card from slot 10
[09:47:05.044] [SEVERE ] removing card from slot 2
[09:47:05.052] [SEVERE ] announcing winner(s): player 1
[09:47:05.058] [INFO   ] Thread dealer terminated.
[09:47:05.058] [INFO   ] thread dealer terminated.
[09:47:05.059] [SEVERE ] thanks for playing... it was fun!
[09:47:05.059] [INFO   ] thread main terminated.
