[09:28:40.791] [INFO   ] thread main starting.
[09:28:40.807] [SEVERE ] cannot read configuration file config.properties trying from resources.
[09:28:40.813] [SEVERE ] configuration file was loaded from resources directory.
[09:28:42.882] [INFO   ] thread dealer starting.
[09:28:42.888] [INFO   ] Thread dealer starting.
[09:28:42.888] [INFO   ] Thread Marina starting.
[09:28:42.888] [INFO   ] Thread Meni starting.
[09:28:42.918] [SEVERE ] placing card 50 in slot 11
[09:28:42.955] [SEVERE ] placing card 38 in slot 7
[09:28:42.958] [SEVERE ] placing card 35 in slot 2
[09:28:42.961] [SEVERE ] placing card 53 in slot 5
[09:28:42.968] [SEVERE ] placing card 29 in slot 9
[09:28:42.979] [SEVERE ] placing card 57 in slot 0
[09:28:42.986] [SEVERE ] placing card 51 in slot 10
[09:28:42.993] [SEVERE ] placing card 23 in slot 1
[09:28:42.998] [SEVERE ] placing card 39 in slot 6
[09:28:43.001] [SEVERE ] placing card 62 in slot 3
[09:28:43.004] [SEVERE ] placing card 0 in slot 4
[09:28:43.025] [SEVERE ] placing card 27 in slot 8
[09:28:43.041] [SEVERE ] updating countdown to 100000
[09:28:43.051] [SEVERE ] updating countdown to 100989
[09:28:44.062] [SEVERE ] updating countdown to 99978
[09:28:44.077] [SEVERE ] updating countdown to 99963
[09:28:45.093] [SEVERE ] updating countdown to 98948
[09:28:45.100] [SEVERE ] updating countdown to 98940
[09:28:46.120] [SEVERE ] updating countdown to 97920
[09:28:46.130] [SEVERE ] updating countdown to 97910
[09:28:47.147] [SEVERE ] updating countdown to 96893
[09:28:47.164] [SEVERE ] updating countdown to 96876
[09:28:48.179] [SEVERE ] updating countdown to 95861
[09:28:48.187] [SEVERE ] updating countdown to 95853
[09:28:49.206] [SEVERE ] updating countdown to 94834
[09:28:49.216] [SEVERE ] updating countdown to 94824
[09:28:50.242] [SEVERE ] updating countdown to 93799
[09:28:50.254] [SEVERE ] updating countdown to 93786
[09:28:51.272] [SEVERE ] updating countdown to 92768
[09:28:51.282] [SEVERE ] updating countdown to 92758
[09:28:52.295] [SEVERE ] updating countdown to 91745
[09:28:52.303] [SEVERE ] updating countdown to 91737
[09:28:53.320] [SEVERE ] updating countdown to 90720
[09:28:53.331] [SEVERE ] updating countdown to 90709
[09:28:54.345] [SEVERE ] updating countdown to 89695
[09:28:54.353] [SEVERE ] updating countdown to 89687
[09:28:55.368] [SEVERE ] updating countdown to 88673
[09:28:55.376] [SEVERE ] updating countdown to 88664
[09:28:56.392] [SEVERE ] updating countdown to 87649
[09:28:56.399] [SEVERE ] updating countdown to 87641
[09:28:57.415] [SEVERE ] updating countdown to 86626
[09:28:57.424] [SEVERE ] updating countdown to 86616
[09:28:58.441] [SEVERE ] updating countdown to 85599
[09:28:58.449] [SEVERE ] updating countdown to 85591
[09:28:59.463] [SEVERE ] updating countdown to 84577
[09:28:59.471] [SEVERE ] updating countdown to 84569
[09:29:00.486] [SEVERE ] updating countdown to 83555
[09:29:00.505] [SEVERE ] updating countdown to 83536
[09:29:01.523] [SEVERE ] updating countdown to 82517
[09:29:01.534] [SEVERE ] updating countdown to 82506
[09:29:02.548] [SEVERE ] updating countdown to 81492
[09:29:02.556] [SEVERE ] updating countdown to 81484
[09:29:03.571] [SEVERE ] updating countdown to 80469
[09:29:03.579] [SEVERE ] updating countdown to 80462
[09:29:04.593] [SEVERE ] updating countdown to 79447
[09:29:04.600] [SEVERE ] updating countdown to 79440
[09:29:05.615] [SEVERE ] updating countdown to 78426
[09:29:05.622] [SEVERE ] updating countdown to 78418
[09:29:06.637] [SEVERE ] updating countdown to 77403
[09:29:06.645] [SEVERE ] updating countdown to 77395
[09:29:07.660] [SEVERE ] updating countdown to 76380
[09:29:07.673] [SEVERE ] updating countdown to 76367
[09:29:08.687] [SEVERE ] updating countdown to 75353
[09:29:08.695] [SEVERE ] updating countdown to 75345
[09:29:09.709] [SEVERE ] updating countdown to 74331
[09:29:09.715] [SEVERE ] updating countdown to 74325
[09:29:10.730] [SEVERE ] updating countdown to 73310
[09:29:10.738] [SEVERE ] updating countdown to 73302
[09:29:11.752] [SEVERE ] updating countdown to 72288
[09:29:11.759] [SEVERE ] updating countdown to 72281
[09:29:12.772] [SEVERE ] updating countdown to 71268
[09:29:12.777] [SEVERE ] updating countdown to 71263
[09:29:13.792] [SEVERE ] updating countdown to 70248
[09:29:13.802] [SEVERE ] updating countdown to 70238
[09:29:14.817] [SEVERE ] updating countdown to 69224
[09:29:14.832] [SEVERE ] updating countdown to 69208
[09:29:15.847] [SEVERE ] updating countdown to 68193
[09:29:15.854] [SEVERE ] updating countdown to 68186
[09:29:16.869] [SEVERE ] updating countdown to 67171
[09:29:16.878] [SEVERE ] updating countdown to 67162
[09:29:17.899] [SEVERE ] updating countdown to 66141
[09:29:17.907] [SEVERE ] updating countdown to 66133
[09:29:18.924] [SEVERE ] updating countdown to 65117
[09:29:18.931] [SEVERE ] updating countdown to 65109
[09:29:19.947] [SEVERE ] updating countdown to 64093
[09:29:19.957] [SEVERE ] updating countdown to 64083
[09:29:20.972] [SEVERE ] updating countdown to 63068
[09:29:20.981] [SEVERE ] updating countdown to 63059
[09:29:21.995] [SEVERE ] updating countdown to 62045
[09:29:22.003] [SEVERE ] updating countdown to 62037
[09:29:23.019] [SEVERE ] updating countdown to 61021
[09:29:23.032] [SEVERE ] updating countdown to 61008
[09:29:24.048] [SEVERE ] updating countdown to 59992
[09:29:24.058] [SEVERE ] updating countdown to 59982
[09:29:25.077] [SEVERE ] updating countdown to 58963
[09:29:25.085] [SEVERE ] updating countdown to 58955
[09:29:26.099] [SEVERE ] updating countdown to 57941
[09:29:26.106] [SEVERE ] updating countdown to 57934
[09:29:27.126] [SEVERE ] updating countdown to 56914
[09:29:27.143] [SEVERE ] updating countdown to 56898
[09:29:28.157] [SEVERE ] updating countdown to 55883
[09:29:28.165] [SEVERE ] updating countdown to 55875
[09:29:29.179] [SEVERE ] updating countdown to 54861
[09:29:29.186] [SEVERE ] updating countdown to 54854
[09:29:30.201] [SEVERE ] updating countdown to 53839
[09:29:30.208] [SEVERE ] updating countdown to 53832
[09:29:31.226] [SEVERE ] updating countdown to 52814
[09:29:31.234] [SEVERE ] updating countdown to 52806
[09:29:32.247] [SEVERE ] updating countdown to 51793
[09:29:32.255] [SEVERE ] updating countdown to 51785
[09:29:33.273] [SEVERE ] updating countdown to 50767
[09:29:33.281] [SEVERE ] updating countdown to 50759
[09:29:34.301] [SEVERE ] updating countdown to 49739
[09:29:34.308] [SEVERE ] updating countdown to 49732
[09:29:35.323] [SEVERE ] updating countdown to 48718
[09:29:35.330] [SEVERE ] updating countdown to 48710
[09:29:36.344] [SEVERE ] updating countdown to 47697
[09:29:36.352] [SEVERE ] updating countdown to 47689
[09:29:37.365] [SEVERE ] updating countdown to 46675
[09:29:37.372] [SEVERE ] updating countdown to 46668
[09:29:38.386] [SEVERE ] updating countdown to 45654
[09:29:38.393] [SEVERE ] updating countdown to 45647
[09:29:39.409] [SEVERE ] updating countdown to 44631
[09:29:39.417] [SEVERE ] updating countdown to 44623
[09:29:40.431] [SEVERE ] updating countdown to 43609
[09:29:40.438] [SEVERE ] updating countdown to 43602
[09:29:41.453] [SEVERE ] updating countdown to 42587
[09:29:41.460] [SEVERE ] updating countdown to 42580
[09:29:42.475] [SEVERE ] updating countdown to 41565
[09:29:42.484] [SEVERE ] updating countdown to 41556
[09:29:43.499] [SEVERE ] updating countdown to 40541
[09:29:43.506] [SEVERE ] updating countdown to 40534
[09:29:44.526] [SEVERE ] updating countdown to 39514
[09:29:44.533] [SEVERE ] updating countdown to 39507
[09:29:45.550] [SEVERE ] updating countdown to 38490
[09:29:45.570] [SEVERE ] updating countdown to 38470
[09:29:46.583] [SEVERE ] updating countdown to 37457
[09:29:46.591] [SEVERE ] updating countdown to 37449
[09:29:47.606] [SEVERE ] updating countdown to 36434
[09:29:47.619] [SEVERE ] updating countdown to 36421
[09:29:48.635] [SEVERE ] updating countdown to 35405
[09:29:48.642] [SEVERE ] updating countdown to 35398
[09:29:49.656] [SEVERE ] updating countdown to 34384
[09:29:49.664] [SEVERE ] updating countdown to 34376
[09:29:50.679] [SEVERE ] updating countdown to 33362
[09:29:50.688] [SEVERE ] updating countdown to 33352
[09:29:51.708] [SEVERE ] updating countdown to 32332
[09:29:51.716] [SEVERE ] updating countdown to 32324
[09:29:52.731] [SEVERE ] updating countdown to 31309
[09:29:52.744] [SEVERE ] updating countdown to 31296
[09:29:53.758] [SEVERE ] updating countdown to 30282
[09:29:53.767] [SEVERE ] updating countdown to 30273
[09:29:54.781] [SEVERE ] updating countdown to 29259
[09:29:54.788] [SEVERE ] updating countdown to 29252
[09:29:55.803] [SEVERE ] updating countdown to 28237
[09:29:55.821] [SEVERE ] updating countdown to 28219
[09:29:56.836] [SEVERE ] updating countdown to 27204
[09:29:56.843] [SEVERE ] updating countdown to 27197
[09:29:57.857] [SEVERE ] updating countdown to 26183
[09:29:57.864] [SEVERE ] updating countdown to 26176
[09:29:58.878] [SEVERE ] updating countdown to 25162
[09:29:58.885] [SEVERE ] updating countdown to 25155
[09:29:59.898] [SEVERE ] updating countdown to 24142
[09:29:59.906] [SEVERE ] updating countdown to 24134
[09:30:00.921] [SEVERE ] updating countdown to 23119
[09:30:00.934] [SEVERE ] updating countdown to 23106
[09:30:01.947] [SEVERE ] updating countdown to 22093
[09:30:01.956] [SEVERE ] updating countdown to 22084
[09:30:02.970] [SEVERE ] updating countdown to 21070
[09:30:02.975] [SEVERE ] updating countdown to 21065
[09:30:03.989] [SEVERE ] updating countdown to 20051
[09:30:03.996] [SEVERE ] updating countdown to 20044
[09:30:05.010] [SEVERE ] updating countdown to 19030
[09:30:05.016] [SEVERE ] updating countdown to 19024
[09:30:06.032] [SEVERE ] updating countdown to 18008
[09:30:06.041] [SEVERE ] updating countdown to 17999
[09:30:07.056] [SEVERE ] updating countdown to 16984
[09:30:07.064] [SEVERE ] updating countdown to 16976
[09:30:08.084] [SEVERE ] updating countdown to 15956
[09:30:08.092] [SEVERE ] updating countdown to 15948
[09:30:09.105] [SEVERE ] updating countdown to 14935
[09:30:09.112] [SEVERE ] updating countdown to 14928
[09:30:10.127] [SEVERE ] updating countdown to 13914
[09:30:10.133] [SEVERE ] updating countdown to 13907
[09:30:11.148] [SEVERE ] updating countdown to 12892
[09:30:11.156] [SEVERE ] updating countdown to 12884
[09:30:12.176] [SEVERE ] updating countdown to 11864
[09:30:12.185] [SEVERE ] updating countdown to 11855
[09:30:13.205] [SEVERE ] updating countdown to 10835
[09:30:13.211] [SEVERE ] updating countdown to 10829
[09:30:14.227] [SEVERE ] updating countdown to 9813
[09:30:14.233] [SEVERE ] updating countdown to 9807
[09:30:15.253] [SEVERE ] updating countdown to 8787
[09:30:15.260] [SEVERE ] updating countdown to 8780
[09:30:16.277] [SEVERE ] updating countdown to 7763
[09:30:16.284] [SEVERE ] updating countdown to 7756
[09:30:17.299] [SEVERE ] updating countdown to 6742
[09:30:17.308] [SEVERE ] updating countdown to 6732
[09:30:18.324] [SEVERE ] updating countdown to 5716
[09:30:18.332] [SEVERE ] updating countdown to 5708
[09:30:19.347] [SEVERE ] updating countdown to 4693
[09:30:19.354] [SEVERE ] updating countdown to 4686
[09:30:20.368] [SEVERE ] updating countdown to 3672
[09:30:20.375] [SEVERE ] updating countdown to 3665
[09:30:21.388] [SEVERE ] updating countdown to 2652
[09:30:21.395] [SEVERE ] updating countdown to 2645
[09:30:22.408] [SEVERE ] updating countdown to 1632
[09:30:22.415] [SEVERE ] updating countdown to 1625
[09:30:23.437] [SEVERE ] updating countdown to 604
[09:30:23.448] [SEVERE ] removing card from slot 2
[09:30:23.452] [SEVERE ] removing card from slot 8
[09:30:23.462] [SEVERE ] removing card from slot 11
[09:30:23.471] [SEVERE ] removing card from slot 4
[09:30:23.480] [SEVERE ] removing card from slot 3
[09:30:23.493] [SEVERE ] removing card from slot 7
[09:30:23.497] [SEVERE ] removing card from slot 9
[09:30:23.501] [SEVERE ] removing card from slot 6
[09:30:23.505] [SEVERE ] removing card from slot 5
[09:30:23.510] [SEVERE ] removing card from slot 1
[09:30:23.522] [SEVERE ] removing card from slot 0
[09:30:23.527] [SEVERE ] removing card from slot 10
[09:30:23.542] [SEVERE ] placing card 75 in slot 2
[09:30:23.548] [SEVERE ] placing card 32 in slot 5
[09:30:23.558] [SEVERE ] placing card 13 in slot 10
[09:30:23.571] [SEVERE ] placing card 71 in slot 0
[09:30:23.578] [SEVERE ] placing card 8 in slot 6
[09:30:23.583] [SEVERE ] placing card 37 in slot 8
[09:30:23.587] [SEVERE ] placing card 4 in slot 7
[09:30:23.592] [SEVERE ] placing card 35 in slot 9
[09:30:23.609] [SEVERE ] placing card 40 in slot 11
[09:30:23.624] [SEVERE ] placing card 55 in slot 1
[09:30:23.633] [SEVERE ] placing card 25 in slot 4
[09:30:23.640] [SEVERE ] placing card 60 in slot 3
[09:30:23.644] [SEVERE ] updating countdown to 100000
[09:30:23.648] [SEVERE ] updating countdown to 100995
[09:30:24.664] [SEVERE ] updating countdown to 99980
[09:30:24.674] [SEVERE ] updating countdown to 99969
[09:30:25.691] [SEVERE ] updating countdown to 98952
[09:30:25.698] [SEVERE ] updating countdown to 98945
[09:30:26.713] [SEVERE ] updating countdown to 97930
[09:30:26.719] [SEVERE ] updating countdown to 97924
[09:30:27.733] [SEVERE ] updating countdown to 96910
[09:30:27.741] [SEVERE ] updating countdown to 96902
[09:30:28.755] [SEVERE ] updating countdown to 95888
[09:30:28.764] [SEVERE ] updating countdown to 95879
[09:30:29.779] [SEVERE ] updating countdown to 94865
[09:30:29.786] [SEVERE ] updating countdown to 94857
[09:30:30.801] [SEVERE ] updating countdown to 93843
[09:30:30.809] [SEVERE ] updating countdown to 93834
[09:30:31.827] [SEVERE ] updating countdown to 92819
[09:30:31.836] [SEVERE ] updating countdown to 92807
[09:30:32.850] [SEVERE ] updating countdown to 91793
[09:30:32.864] [SEVERE ] updating countdown to 91779
[09:30:33.879] [SEVERE ] updating countdown to 90764
[09:30:33.886] [SEVERE ] updating countdown to 90757
[09:30:34.900] [SEVERE ] updating countdown to 89743
[09:30:34.906] [SEVERE ] updating countdown to 89737
[09:30:35.920] [SEVERE ] updating countdown to 88723
[09:30:35.928] [SEVERE ] updating countdown to 88715
[09:30:36.949] [SEVERE ] updating countdown to 87694
[09:30:36.957] [SEVERE ] updating countdown to 87686
[09:30:37.974] [SEVERE ] updating countdown to 86669
[09:30:37.980] [SEVERE ] updating countdown to 86663
[09:30:38.994] [SEVERE ] updating countdown to 85649
[09:30:39.001] [SEVERE ] updating countdown to 85642
[09:30:40.014] [SEVERE ] updating countdown to 84629
[09:30:40.021] [SEVERE ] updating countdown to 84622
[09:30:41.034] [SEVERE ] updating countdown to 83609
[09:30:41.043] [SEVERE ] updating countdown to 83600
[09:30:42.057] [SEVERE ] updating countdown to 82586
[09:30:42.065] [SEVERE ] updating countdown to 82579
[09:30:43.078] [SEVERE ] updating countdown to 81565
[09:30:43.085] [SEVERE ] updating countdown to 81558
[09:30:44.099] [SEVERE ] updating countdown to 80544
[09:30:44.106] [SEVERE ] updating countdown to 80537
[09:30:45.121] [SEVERE ] updating countdown to 79522
[09:30:45.131] [SEVERE ] updating countdown to 79512
[09:30:46.145] [SEVERE ] updating countdown to 78498
[09:30:46.151] [SEVERE ] updating countdown to 78492
[09:30:47.165] [SEVERE ] updating countdown to 77478
[09:30:47.172] [SEVERE ] updating countdown to 77471
[09:30:48.188] [SEVERE ] updating countdown to 76455
[09:30:48.197] [SEVERE ] updating countdown to 76446
[09:30:49.211] [SEVERE ] updating countdown to 75432
[09:30:49.219] [SEVERE ] updating countdown to 75424
[09:30:50.235] [SEVERE ] updating countdown to 74408
[09:30:50.242] [SEVERE ] updating countdown to 74401
[09:30:51.264] [SEVERE ] updating countdown to 73379
[09:30:51.277] [SEVERE ] updating countdown to 73366
[09:30:52.295] [SEVERE ] updating countdown to 72349
[09:30:52.305] [SEVERE ] updating countdown to 72338
[09:30:52.496] [SEVERE ] exit button pressed
[09:30:52.501] [INFO   ] Thread Marina terminated.
[09:30:52.504] [INFO   ] Thread Meni terminated.
[09:30:53.319] [SEVERE ] updating countdown to 71324
[09:30:53.329] [SEVERE ] removing card from slot 5
[09:30:53.333] [SEVERE ] removing card from slot 4
[09:30:53.337] [SEVERE ] removing card from slot 10
[09:30:53.340] [SEVERE ] removing card from slot 11
[09:30:53.342] [SEVERE ] removing card from slot 2
[09:30:53.345] [SEVERE ] removing card from slot 9
[09:30:53.347] [SEVERE ] removing card from slot 7
[09:30:53.349] [SEVERE ] removing card from slot 3
[09:30:53.351] [SEVERE ] removing card from slot 8
[09:30:53.353] [SEVERE ] removing card from slot 0
[09:30:53.355] [SEVERE ] removing card from slot 6
[09:30:53.357] [SEVERE ] removing card from slot 1
[09:30:53.363] [SEVERE ] announcing winner(s): player 1, player 2
[09:30:53.367] [INFO   ] Thread dealer terminated.
[09:30:53.369] [INFO   ] thread dealer terminated.
[09:30:53.372] [SEVERE ] thanks for playing... it was fun!
[09:30:53.373] [INFO   ] thread main terminated.
